15:37:32: Creating resource group General
15:37:32: Creating resource group Internal
15:37:32: Creating resource group Autodetect
15:37:32: SceneManagerFactory for type 'DefaultSceneManager' registered.
15:37:32: Registering ResourceManager for type Material
15:37:32: Registering ResourceManager for type Mesh
15:37:32: Registering ResourceManager for type Skeleton
15:37:32: MovableObjectFactory for type 'ParticleSystem' registered.
15:37:32: ArchiveFactory for archive type FileSystem registered.
15:37:32: ArchiveFactory for archive type Zip registered.
15:37:32: ArchiveFactory for archive type EmbeddedZip registered.
15:37:32: DDS codec registering
15:37:32: FreeImage version: 3.16.0
15:37:32: This program uses FreeImage, a free, open source image library supporting all common bitmap formats. See http://freeimage.sourceforge.net for details
15:37:32: Supported formats: bmp,ico,jpg,jif,jpeg,jpe,jng,koa,iff,lbm,mng,pbm,pbm,pcd,pcx,pgm,pgm,png,ppm,ppm,ras,tga,targa,tif,tiff,wap,wbmp,wbm,psd,cut,xbm,xpm,gif,hdr,g3,sgi,rgb,rgba,bw,exr,j2k,j2c,jp2,pfm,pct,pict,pic,3fr,arw,bay,bmq,cap,cine,cr2,crw,cs1,dc2,dcr,drf,dsc,dng,erf,fff,ia,iiq,k25,kc2,kdc,mdc,mef,mos,mrw,nef,nrw,orf,pef,ptx,pxn,qtk,raf,raw,rdc,rw2,rwl,rwz,sr2,srf,srw,sti,webp
15:37:32: ETC codec registering
15:37:32: Registering ResourceManager for type HighLevelGpuProgram
15:37:32: Registering ResourceManager for type Compositor
15:37:32: MovableObjectFactory for type 'Entity' registered.
15:37:32: MovableObjectFactory for type 'Light' registered.
15:37:32: MovableObjectFactory for type 'BillboardSet' registered.
15:37:32: MovableObjectFactory for type 'ManualObject' registered.
15:37:32: MovableObjectFactory for type 'BillboardChain' registered.
15:37:32: MovableObjectFactory for type 'RibbonTrail' registered.
15:37:32: Loading library C:/CPSolarSystemProject/Plugins\RenderSystem_GL
15:37:32: Installing plugin: GL RenderSystem
15:37:32: OpenGL Rendering Subsystem created.
15:37:33: Plugin successfully installed
15:37:33: *-*-* OGRE Initialising
15:37:33: *-*-* Version 1.9.0 (Ghadamon)
15:37:33: Creating resource group Essential
15:37:33: Added resource location 'C:/CPSolarSystemProject/Resources/SdkTrays.zip' of type 'Zip' to resource group 'Essential'
15:37:33: Added resource location 'C:/CPSolarSystemProject/Resources/profiler.zip' of type 'Zip' to resource group 'Essential'
15:37:33: Added resource location 'C:/CPSolarSystemProject/Resources/MySkyBox.zip' of type 'Zip' to resource group 'Essential'
15:37:33: Added resource location 'C:/CPSolarSystemProject/Resources' of type 'FileSystem' to resource group 'General'
15:37:33: CPU Identifier & Features
15:37:33: -------------------------
15:37:33:  *   CPU ID: GenuineIntel: Intel(R) Core(TM) i5-4200U CPU @ 1.60GHz
15:37:33:  *      SSE: yes
15:37:33:  *     SSE2: yes
15:37:33:  *     SSE3: yes
15:37:33:  *      MMX: yes
15:37:33:  *   MMXEXT: yes
15:37:33:  *    3DNOW: no
15:37:33:  * 3DNOWEXT: no
15:37:33:  *     CMOV: yes
15:37:33:  *      TSC: yes
15:37:33:  *      FPU: yes
15:37:33:  *      PRO: yes
15:37:33:  *       HT: no
15:37:33: -------------------------
15:37:33: *** Starting Win32GL Subsystem ***
15:37:33: Registering ResourceManager for type Texture
15:37:33: GLRenderSystem::_createRenderWindow "iMagiNext 2014 Solar Exploratorium 0.9 (Build: Luna)", 1366x768 fullscreen  miscParams: FSAA=0 FSAAHint= colourDepth=32 displayFrequency=60 gamma=true vsync=true vsyncInterval=1 
15:37:33: Created Win32Window 'iMagiNext 2014 Solar Exploratorium 0.9 (Build: Luna)' : 1366x768, 32bpp
15:37:33: GL_VERSION = 4.2.0 - Build 10.18.10.3412
15:37:33: GL_VENDOR = Intel
15:37:33: GL_RENDERER = Intel(R) HD Graphics 4400
15:37:33: GL_EXTENSIONS = GL_EXT_blend_minmax GL_EXT_blend_subtract GL_EXT_blend_color GL_EXT_abgr GL_EXT_texture3D GL_EXT_clip_volume_hint GL_EXT_compiled_vertex_array GL_SGIS_texture_edge_clamp GL_SGIS_generate_mipmap GL_EXT_draw_range_elements GL_SGIS_texture_lod GL_EXT_rescale_normal GL_EXT_packed_pixels GL_EXT_texture_edge_clamp GL_EXT_separate_specular_color GL_ARB_multitexture GL_ARB_map_buffer_alignment GL_ARB_conservative_depth GL_EXT_texture_env_combine GL_EXT_bgra GL_EXT_blend_func_separate GL_EXT_secondary_color GL_EXT_fog_coord GL_EXT_texture_env_add GL_ARB_texture_cube_map GL_ARB_transpose_matrix GL_ARB_internalformat_query GL_ARB_internalformat_query2 GL_ARB_texture_env_add GL_IBM_texture_mirrored_repeat GL_EXT_multi_draw_arrays GL_SUN_multi_draw_arrays GL_NV_blend_square GL_ARB_texture_compression GL_3DFX_texture_compression_FXT1 GL_EXT_texture_filter_anisotropic GL_ARB_texture_border_clamp GL_ARB_point_parameters GL_ARB_texture_env_combine GL_ARB_texture_env_dot3 GL_ARB_texture_env_crossbar GL_EXT_texture_compression_s3tc GL_ARB_shadow GL_ARB_window_pos GL_EXT_shadow_funcs GL_EXT_stencil_wrap GL_ARB_vertex_program GL_EXT_texture_rectangle GL_ARB_fragment_program GL_EXT_stencil_two_side GL_ATI_separate_stencil GL_ARB_vertex_buffer_object GL_EXT_texture_lod_bias GL_ARB_occlusion_query GL_ARB_fragment_shader GL_ARB_shader_objects GL_ARB_shading_language_100 GL_ARB_texture_non_power_of_two GL_ARB_vertex_shader GL_NV_texgen_reflection GL_ARB_point_sprite GL_ARB_fragment_program_shadow GL_EXT_blend_equation_separate GL_ARB_depth_texture GL_ARB_texture_rectangle GL_ARB_draw_buffers GL_ARB_color_buffer_float GL_ARB_half_float_pixel GL_ARB_texture_float GL_ARB_pixel_buffer_object GL_EXT_framebuffer_object GL_ARB_draw_instanced GL_ARB_half_float_vertex GL_ARB_occlusion_query2 GL_EXT_draw_buffers2 GL_WIN_swap_hint GL_EXT_texture_sRGB GL_ARB_multisample GL_EXT_packed_float GL_EXT_texture_shared_exponent GL_ARB_texture_rg GL_ARB_texture_compression_rgtc GL_NV_conditional_render GL_ARB_texture_swizzle GL_EXT_texture_swizzle GL_ARB_texture_gather GL_ARB_sync GL_ARB_framebuffer_sRGB GL_EXT_packed_depth_stencil GL_ARB_depth_buffer_float GL_EXT_transform_feedback GL_ARB_transform_feedback2 GL_ARB_draw_indirect GL_EXT_framebuffer_blit GL_EXT_framebuffer_multisample GL_ARB_framebuffer_object GL_EXT_texture_array GL_EXT_texture_integer GL_ARB_map_buffer_range GL_ARB_texture_buffer_range GL_EXT_texture_snorm GL_ARB_blend_func_extended GL_INTEL_performance_queries GL_ARB_copy_buffer GL_ARB_sampler_objects GL_NV_primitive_restart GL_ARB_seamless_cube_map GL_ARB_uniform_buffer_object GL_ARB_depth_clamp GL_ARB_vertex_array_bgra GL_ARB_shader_bit_encoding GL_ARB_draw_buffers_blend GL_ARB_geometry_shader4 GL_EXT_geometry_shader4 GL_ARB_texture_query_lod GL_ARB_explicit_attrib_location GL_ARB_draw_elements_base_vertex GL_ARB_instanced_arrays GL_ARB_base_instance GL_ARB_fragment_coord_conventions GL_EXT_gpu_program_parameters GL_ARB_texture_buffer_object_rgb32 GL_ARB_compatibility GL_ARB_texture_rgb10_a2ui GL_ARB_texture_multisample GL_ARB_vertex_type_2_10_10_10_rev GL_ARB_timer_query GL_ARB_tessellation_shader GL_ARB_vertex_array_object GL_ARB_provoking_vertex GL_ARB_sample_shading GL_ARB_texture_cube_map_array GL_EXT_gpu_shader4 GL_ARB_gpu_shader5 GL_ARB_gpu_shader_fp64 GL_INTEL_fragment_shader_ordering GL_EXT_clip_control GL_ARB_shader_subroutine GL_ARB_transform_feedback3 GL_ARB_get_program_binary GL_ARB_separate_shader_objects GL_ARB_shader_precision GL_ARB_vertex_attrib_64bit GL_ARB_viewport_array GL_ARB_transform_feedback_instanced GL_ARB_compressed_texture_pixel_storage GL_ARB_shader_atomic_counters GL_ARB_shading_language_packing GL_ARB_shader_image_load_store GL_ARB_shading_language_420pack GL_ARB_texture_storage GL_EXT_texture_storage GL_ARB_compute_shader GL_ARB_vertex_attrib_binding GL_ARB_multi_draw_indirect GL_ARB_program_interface_query GL_ARB_shader_storage_buffer_object GL_ARB_debug_output GL_KHR_debug GL_ARB_arrays_of_arrays GL_INTEL_map_texture GL_ARB_texture_compression_bptc GL_ARB_ES2_compatibility GL_ARB_robustness GL_EXT_texture_sRGB_decode 
15:37:33: Supported WGL extensions: WGL_EXT_depth_float WGL_ARB_buffer_region WGL_ARB_extensions_string WGL_ARB_make_current_read WGL_ARB_pixel_format WGL_ARB_pbuffer WGL_EXT_extensions_string WGL_EXT_swap_control WGL_EXT_swap_control_tear WGL_ARB_multisample WGL_ARB_pixel_format_float WGL_ARB_framebuffer_sRGB WGL_ARB_create_context WGL_ARB_create_context_profile WGL_EXT_pixel_format_packed_float WGL_EXT_create_context_es_profile WGL_EXT_create_context_es2_profile WGL_NV_DX_interop WGL_ARB_create_context_robustness 
15:37:33: ***************************
15:37:33: *** GL Renderer Started ***
15:37:33: ***************************
15:37:33: Registering ResourceManager for type GpuProgram
15:37:33: GLSL support detected
15:37:33: GL: Using GL_EXT_framebuffer_object for rendering to textures (best)
15:37:33: FBO PF_UNKNOWN depth/stencil support: D0S1 D0S4 D0S8 D0S16 D16S0 D16S1 D16S4 D16S8 D16S16 D24S0 D24S1 D24S4 D24S8 D24S16 D32S0 D32S1 D32S4 D32S8 D32S16 Packed-D24S8 
15:37:33: FBO PF_A8 depth/stencil support: D0S0 D0S1 D0S4 D0S8 D0S16 D16S0 D16S1 D16S4 D16S8 D16S16 D24S0 D24S1 D24S4 D24S8 D24S16 D32S0 D32S1 D32S4 D32S8 D32S16 Packed-D24S8 
15:37:33: FBO PF_R5G6B5 depth/stencil support: D0S0 D0S1 D0S4 D0S8 D0S16 D16S0 D16S1 D16S4 D16S8 D16S16 D24S0 D24S1 D24S4 D24S8 D24S16 D32S0 D32S1 D32S4 D32S8 D32S16 Packed-D24S8 
15:37:33: FBO PF_B5G6R5 depth/stencil support: D0S0 D0S1 D0S4 D0S8 D0S16 D16S0 D16S1 D16S4 D16S8 D16S16 D24S0 D24S1 D24S4 D24S8 D24S16 D32S0 D32S1 D32S4 D32S8 D32S16 Packed-D24S8 
15:37:33: FBO PF_A4R4G4B4 depth/stencil support: D0S0 D0S1 D0S4 D0S8 D0S16 D16S0 D16S1 D16S4 D16S8 D16S16 D24S0 D24S1 D24S4 D24S8 D24S16 D32S0 D32S1 D32S4 D32S8 D32S16 Packed-D24S8 
15:37:33: FBO PF_A1R5G5B5 depth/stencil support: D0S0 D0S1 D0S4 D0S8 D0S16 D16S0 D16S1 D16S4 D16S8 D16S16 D24S0 D24S1 D24S4 D24S8 D24S16 D32S0 D32S1 D32S4 D32S8 D32S16 Packed-D24S8 
15:37:33: FBO PF_R8G8B8 depth/stencil support: D0S0 D0S1 D0S4 D0S8 D0S16 D16S0 D16S1 D16S4 D16S8 D16S16 D24S0 D24S1 D24S4 D24S8 D24S16 D32S0 D32S1 D32S4 D32S8 D32S16 Packed-D24S8 
15:37:33: FBO PF_B8G8R8 depth/stencil support: D0S0 D0S1 D0S4 D0S8 D0S16 D16S0 D16S1 D16S4 D16S8 D16S16 D24S0 D24S1 D24S4 D24S8 D24S16 D32S0 D32S1 D32S4 D32S8 D32S16 Packed-D24S8 
15:37:33: FBO PF_A8R8G8B8 depth/stencil support: D0S0 D0S1 D0S4 D0S8 D0S16 D16S0 D16S1 D16S4 D16S8 D16S16 D24S0 D24S1 D24S4 D24S8 D24S16 D32S0 D32S1 D32S4 D32S8 D32S16 Packed-D24S8 
15:37:33: FBO PF_B8G8R8A8 depth/stencil support: D0S0 D0S1 D0S4 D0S8 D0S16 D16S0 D16S1 D16S4 D16S8 D16S16 D24S0 D24S1 D24S4 D24S8 D24S16 D32S0 D32S1 D32S4 D32S8 D32S16 Packed-D24S8 
15:37:33: FBO PF_A2R10G10B10 depth/stencil support: D0S0 D0S1 D0S4 D0S8 D0S16 D16S0 D16S1 D16S4 D16S8 D16S16 D24S0 D24S1 D24S4 D24S8 D24S16 D32S0 D32S1 D32S4 D32S8 D32S16 Packed-D24S8 
15:37:33: FBO PF_A2B10G10R10 depth/stencil support: D0S0 D0S1 D0S4 D0S8 D0S16 D16S0 D16S1 D16S4 D16S8 D16S16 D24S0 D24S1 D24S4 D24S8 D24S16 D32S0 D32S1 D32S4 D32S8 D32S16 Packed-D24S8 
15:37:33: FBO PF_FLOAT16_RGB depth/stencil support: D0S0 D0S1 D0S4 D0S8 D0S16 D16S0 D16S1 D16S4 D16S8 D16S16 D24S0 D24S1 D24S4 D24S8 D24S16 D32S0 D32S1 D32S4 D32S8 D32S16 Packed-D24S8 
15:37:33: FBO PF_FLOAT16_RGBA depth/stencil support: D0S0 D0S1 D0S4 D0S8 D0S16 D16S0 D16S1 D16S4 D16S8 D16S16 D24S0 D24S1 D24S4 D24S8 D24S16 D32S0 D32S1 D32S4 D32S8 D32S16 Packed-D24S8 
15:37:33: FBO PF_FLOAT32_RGB depth/stencil support: D0S0 D0S1 D0S4 D0S8 D0S16 D16S0 D16S1 D16S4 D16S8 D16S16 D24S0 D24S1 D24S4 D24S8 D24S16 D32S0 D32S1 D32S4 D32S8 D32S16 Packed-D24S8 
15:37:33: FBO PF_FLOAT32_RGBA depth/stencil support: D0S0 D0S1 D0S4 D0S8 D0S16 D16S0 D16S1 D16S4 D16S8 D16S16 D24S0 D24S1 D24S4 D24S8 D24S16 D32S0 D32S1 D32S4 D32S8 D32S16 Packed-D24S8 
15:37:33: FBO PF_X8R8G8B8 depth/stencil support: D0S0 D0S1 D0S4 D0S8 D0S16 D16S0 D16S1 D16S4 D16S8 D16S16 D24S0 D24S1 D24S4 D24S8 D24S16 D32S0 D32S1 D32S4 D32S8 D32S16 Packed-D24S8 
15:37:33: FBO PF_X8B8G8R8 depth/stencil support: D0S0 D0S1 D0S4 D0S8 D0S16 D16S0 D16S1 D16S4 D16S8 D16S16 D24S0 D24S1 D24S4 D24S8 D24S16 D32S0 D32S1 D32S4 D32S8 D32S16 Packed-D24S8 
15:37:33: FBO PF_SHORT_RGBA depth/stencil support: D0S0 D0S1 D0S4 D0S8 D0S16 D16S0 D16S1 D16S4 D16S8 D16S16 D24S0 D24S1 D24S4 D24S8 D24S16 D32S0 D32S1 D32S4 D32S8 D32S16 Packed-D24S8 
15:37:33: FBO PF_R3G3B2 depth/stencil support: D0S0 D0S1 D0S4 D0S8 D0S16 D16S0 D16S1 D16S4 D16S8 D16S16 D24S0 D24S1 D24S4 D24S8 D24S16 D32S0 D32S1 D32S4 D32S8 D32S16 Packed-D24S8 
15:37:33: FBO PF_SHORT_RGB depth/stencil support: D0S0 D0S1 D0S4 D0S8 D0S16 D16S0 D16S1 D16S4 D16S8 D16S16 D24S0 D24S1 D24S4 D24S8 D24S16 D32S0 D32S1 D32S4 D32S8 D32S16 Packed-D24S8 
15:37:33: [GL] : Valid FBO targets PF_UNKNOWN PF_A8 PF_R5G6B5 PF_B5G6R5 PF_A4R4G4B4 PF_A1R5G5B5 PF_R8G8B8 PF_B8G8R8 PF_A8R8G8B8 PF_B8G8R8A8 PF_A2R10G10B10 PF_A2B10G10R10 PF_FLOAT16_RGB PF_FLOAT16_RGBA PF_FLOAT32_RGB PF_FLOAT32_RGBA PF_X8R8G8B8 PF_X8B8G8R8 PF_SHORT_RGBA PF_R3G3B2 PF_SHORT_RGB 
15:37:33: RenderSystem capabilities
15:37:33: -------------------------
15:37:33: RenderSystem Name: OpenGL Rendering Subsystem
15:37:33: GPU Vendor: intel
15:37:33: Device Name: Intel(R) HD Graphics 4400
15:37:33: Driver Version: 4.2.0.0
15:37:33:  * Fixed function pipeline: yes
15:37:33:  * Hardware generation of mipmaps: no
15:37:33:  * Texture blending: yes
15:37:33:  * Anisotropic texture filtering: yes
15:37:33:  * Dot product texture operation: yes
15:37:33:  * Cube mapping: yes
15:37:33:  * Hardware stencil buffer: yes
15:37:33:    - Stencil depth: 8
15:37:33:    - Two sided stencil support: yes
15:37:33:    - Wrap stencil values: yes
15:37:33:  * Hardware vertex / index buffers: yes
15:37:33:  * 32-bit index buffers: yes
15:37:33:  * Vertex programs: yes
15:37:33:  * Number of floating-point constants for vertex programs: 256
15:37:33:  * Number of integer constants for vertex programs: 0
15:37:33:  * Number of boolean constants for vertex programs: 0
15:37:33:  * Fragment programs: yes
15:37:33:  * Number of floating-point constants for fragment programs: 256
15:37:33:  * Number of integer constants for fragment programs: 0
15:37:33:  * Number of boolean constants for fragment programs: 0
15:37:33:  * Geometry programs: yes
15:37:33:  * Number of floating-point constants for geometry programs: 4096
15:37:33:  * Number of integer constants for geometry programs: 0
15:37:33:  * Number of boolean constants for geometry programs: 0
15:37:33:  * Tesselation Hull programs: no
15:37:33:  * Number of floating-point constants for tesselation hull programs: 0
15:37:33:  * Number of integer constants for tesselation hull programs: 0
15:37:33:  * Number of boolean constants for tesselation hull programs: 0
15:37:33:  * Tesselation Domain programs: no
15:37:33:  * Number of floating-point constants for tesselation domain programs: 0
15:37:33:  * Number of integer constants for tesselation domain programs: 0
15:37:33:  * Number of boolean constants for tesselation domain programs: 0
15:37:33:  * Compute programs: no
15:37:33:  * Number of floating-point constants for compute programs: 0
15:37:33:  * Number of integer constants for compute programs: 0
15:37:33:  * Number of boolean constants for compute programs: 0
15:37:33:  * Supported Shader Profiles: arbfp1 arbvp1 glsl glsl100 glsl110 glsl120 gp4gp gpu_gp nvgp4
15:37:33:  * Texture Compression: yes
15:37:33:    - DXT: yes
15:37:33:    - VTC: no
15:37:33:    - PVRTC: no
15:37:33:    - ATC: no
15:37:33:    - ETC1: no
15:37:33:    - ETC2: no
15:37:33:    - BC4/BC5: no
15:37:33:    - BC6H/BC7: no
15:37:33:  * Scissor Rectangle: yes
15:37:33:  * Hardware Occlusion Query: yes
15:37:33:  * User clip planes: yes
15:37:33:  * VET_UBYTE4 vertex element type: yes
15:37:33:  * Infinite far plane projection: yes
15:37:33:  * Hardware render-to-texture: yes
15:37:33:  * Floating point textures: yes
15:37:33:  * Non-power-of-two textures: yes
15:37:33:  * 1d textures: yes
15:37:33:  * Volume textures: yes
15:37:33:  * Multiple Render Targets: 8
15:37:33:    - With different bit depths: yes
15:37:33:  * Point Sprites: yes
15:37:33:  * Extended point parameters: yes
15:37:33:  * Max Point Size: 255
15:37:33:  * Vertex texture fetch: yes
15:37:33:  * Number of world matrices: 0
15:37:33:  * Number of texture units: 16
15:37:33:  * Stencil buffer depth: 8
15:37:33:  * Number of vertex blend matrices: 0
15:37:33:    - Max vertex textures: 32
15:37:33:    - Vertex textures shared: yes
15:37:33:  * Render to Vertex Buffer : no
15:37:33:  * Hardware Atomic Counters: no
15:37:33:  * GL 1.5 without VBO workaround: no
15:37:33:  * Frame Buffer objects: yes
15:37:33:  * Frame Buffer objects (ARB extension): no
15:37:33:  * Frame Buffer objects (ATI extension): no
15:37:33:  * PBuffer support: yes
15:37:33:  * GL 1.5 without HW-occlusion workaround: no
15:37:33:  * Vertex Array Objects: no
15:37:33:  * Separate shader objects: no
15:37:33: DefaultWorkQueue('Root') initialising on thread a90.
15:37:33: DefaultWorkQueue('Root')::WorkerFunc - thread e14 starting.
15:37:33: DefaultWorkQueue('Root')::WorkerFunc - thread 69c starting.
15:37:33: Particle Renderer Type 'billboard' registered
15:37:33: DefaultWorkQueue('Root')::WorkerFunc - thread 1274 starting.
15:37:33: DefaultWorkQueue('Root')::WorkerFunc - thread 13d4 starting.
15:37:33: OverlayElementFactory for type Panel registered.
15:37:33: OverlayElementFactory for type BorderPanel registered.
15:37:33: OverlayElementFactory for type TextArea registered.
15:37:33: Registering ResourceManager for type Font
15:37:33: Parsing scripts for resource group Autodetect
15:37:33: Finished parsing scripts for resource group Autodetect
15:37:33: Creating resources for group Autodetect
15:37:33: All done
15:37:33: Parsing scripts for resource group Essential
15:37:33: Parsing script SdkTrays.material
15:37:33: Parsing script OgreProfiler.material
15:37:33: Parsing script MySkyBox.material
15:37:33: Compiler error: unknown error in MySkyBox/MySkyBox.material(12): token "filtering" is not recognized
15:37:33: Parsing script SdkTrays.fontdef
15:37:33: Parsing script SdkTrays.overlay
15:37:33: Texture: sdk_cursor.png: Loading 1 faces(PF_A8R8G8B8,32x32x1) with 5 generated mipmaps from Image. Internal format is PF_A8R8G8B8,32x32x1.
15:37:33: Texture: sdk_tray.png: Loading 1 faces(PF_A8R8G8B8,64x64x1) with 5 generated mipmaps from Image. Internal format is PF_A8R8G8B8,64x64x1.
15:37:33: Texture: sdk_button_up.png: Loading 1 faces(PF_A8R8G8B8,128x32x1) with 5 generated mipmaps from Image. Internal format is PF_A8R8G8B8,128x32x1.
15:37:33: Texture: sdk_text_box.png: Loading 1 faces(PF_A8R8G8B8,32x32x1) with 5 generated mipmaps from Image. Internal format is PF_A8R8G8B8,32x32x1.
15:37:33: Texture: sdk_mini_tray.png: Loading 1 faces(PF_A8R8G8B8,32x32x1) with 5 generated mipmaps from Image. Internal format is PF_A8R8G8B8,32x32x1.
15:37:33: Texture: sdk_track.png: Loading 1 faces(PF_A8R8G8B8,16x32x1) with 5 generated mipmaps from Image. Internal format is PF_A8R8G8B8,16x32x1.
15:37:33: Texture: sdk_handle.png: Loading 1 faces(PF_A8R8G8B8,16x16x1) with 4 generated mipmaps from Image. Internal format is PF_A8R8G8B8,16x16x1.
15:37:33: Texture: sdk_mini_text_box.png: Loading 1 faces(PF_A8R8G8B8,32x32x1) with 5 generated mipmaps from Image. Internal format is PF_A8R8G8B8,32x32x1.
15:37:33: Texture: sdk_label.png: Loading 1 faces(PF_A8R8G8B8,32x32x1) with 5 generated mipmaps from Image. Internal format is PF_A8R8G8B8,32x32x1.
15:37:33: Texture: sdk_separator.png: Loading 1 faces(PF_A8R8G8B8,64x16x1) with 5 generated mipmaps from Image. Internal format is PF_A8R8G8B8,64x16x1.
15:37:33: Texture: sdk_logo.png: Loading 1 faces(PF_A8R8G8B8,128x64x1) with 5 generated mipmaps from Image. Internal format is PF_A8R8G8B8,128x64x1.
15:37:33: Texture: sdk_shade.png: Loading 1 faces(PF_A8R8G8B8,64x48x1) with 5 generated mipmaps from Image. Internal format is PF_A8R8G8B8,64x48x1.
15:37:33: Texture: sdk_frame.png: Loading 1 faces(PF_A8R8G8B8,32x32x1) with 5 generated mipmaps from Image. Internal format is PF_A8R8G8B8,32x32x1.
15:37:33: Texture: sdk_mini_text_box_over.png: Loading 1 faces(PF_A8R8G8B8,32x32x1) with 5 generated mipmaps from Image. Internal format is PF_A8R8G8B8,32x32x1.
15:37:33: Texture: sdk_pulse.png: Loading 1 faces(PF_R8G8B8,8x1x1) with 3 generated mipmaps from Image. Internal format is PF_X8R8G8B8,8x1x1.
15:37:34: Finished parsing scripts for resource group Essential
15:37:34: Creating resources for group Essential
15:37:34: All done
15:37:34: Parsing scripts for resource group General
15:37:34: Parsing script Earth8.material
15:37:34: Parsing script Jupiter1.material
15:37:34: Parsing script Mars.material
15:37:34: Parsing script Mercury.material
15:37:34: Parsing script Moon.material
15:37:34: Parsing script Neptune1.material
15:37:34: Parsing script Pluto1.material
15:37:34: Parsing script Saturn4.material
15:37:34: Parsing script Sun1.material
15:37:34: Parsing script Uranus.material
15:37:34: Parsing script Venus1.material
15:37:34: Finished parsing scripts for resource group General
15:37:34: Creating resources for group General
15:37:34: All done
15:37:34: Parsing scripts for resource group Internal
15:37:34: Finished parsing scripts for resource group Internal
15:37:34: Creating resources for group Internal
15:37:34: All done
15:37:34: Texture: SolarSystem_front5.png: Loading 1 faces(PF_R8G8B8,1024x1024x1) with 5 generated mipmaps from Image. Internal format is PF_X8R8G8B8,1024x1024x1.
15:37:34: Texture: SolarSystem_back6.png: Loading 1 faces(PF_R8G8B8,1024x1024x1) with 5 generated mipmaps from Image. Internal format is PF_X8R8G8B8,1024x1024x1.
15:37:34: Texture: SolarSystem_left2.png: Loading 1 faces(PF_R8G8B8,1024x1024x1) with 5 generated mipmaps from Image. Internal format is PF_X8R8G8B8,1024x1024x1.
15:37:34: Texture: SolarSystem_right1.png: Loading 1 faces(PF_R8G8B8,1024x1024x1) with 5 generated mipmaps from Image. Internal format is PF_X8R8G8B8,1024x1024x1.
15:37:34: Texture: SolarSystem_top3.png: Loading 1 faces(PF_R8G8B8,1024x1024x1) with 5 generated mipmaps from Image. Internal format is PF_X8R8G8B8,1024x1024x1.
15:37:34: Texture: SolarSystem_bottom4.png: Loading 1 faces(PF_R8G8B8,1024x1024x1) with 5 generated mipmaps from Image. Internal format is PF_X8R8G8B8,1024x1024x1.
15:37:34: *** Initializing OIS ***
15:37:34: Mesh: Loading Sun1.mesh.
15:37:34: Texture: Sun1.png: Loading 1 faces(PF_A8R8G8B8,1024x512x1) with 5 generated mipmaps from Image. Internal format is PF_A8R8G8B8,1024x512x1.
15:37:34: Mesh: Loading Mercury.mesh.
15:37:34: Texture: Mercury1.png: Loading 1 faces(PF_A8R8G8B8,1024x512x1) with 5 generated mipmaps from Image. Internal format is PF_A8R8G8B8,1024x512x1.
15:37:35: Mesh: Loading Venus1.mesh.
15:37:35: WARNING: Venus1.mesh is an older format ([MeshSerializer_v1.30]); you should upgrade it as soon as possible using the OgreMeshUpgrade tool.
15:37:35: Texture: Venus1.png: Loading 1 faces(PF_R8G8B8,1000x500x1) with 5 generated mipmaps from Image. Internal format is PF_X8R8G8B8,1000x500x1.
15:37:35: Mesh: Loading Earth.mesh.
15:37:35: WARNING: Earth.mesh is an older format ([MeshSerializer_v1.30]); you should upgrade it as soon as possible using the OgreMeshUpgrade tool.
15:37:35: Texture: Earth8.png: Loading 1 faces(PF_A8R8G8B8,640x320x1) with 5 generated mipmaps from Image. Internal format is PF_A8R8G8B8,640x320x1.
15:37:35: Mesh: Loading Mars.mesh.
15:37:35: WARNING: Mars.mesh is an older format ([MeshSerializer_v1.30]); you should upgrade it as soon as possible using the OgreMeshUpgrade tool.
15:37:35: Texture: Mars2.png: Loading 1 faces(PF_R8G8B8,640x320x1) with 5 generated mipmaps from Image. Internal format is PF_X8R8G8B8,640x320x1.
15:37:35: Mesh: Loading Jupiter.mesh.
15:37:35: WARNING: Jupiter.mesh is an older format ([MeshSerializer_v1.30]); you should upgrade it as soon as possible using the OgreMeshUpgrade tool.
15:37:35: Texture: Jupiter1.png: Loading 1 faces(PF_R8G8B8,720x360x1) with 5 generated mipmaps from Image. Internal format is PF_X8R8G8B8,720x360x1.
15:37:35: Mesh: Loading Saturn.mesh.
15:37:35: WARNING: Saturn.mesh is an older format ([MeshSerializer_v1.30]); you should upgrade it as soon as possible using the OgreMeshUpgrade tool.
15:37:35: Texture: Saturn4.png: Loading 1 faces(PF_R8G8B8,720x360x1) with 5 generated mipmaps from Image. Internal format is PF_X8R8G8B8,720x360x1.
15:37:35: Texture: Saturn5h8-l1.png: Loading 1 faces(PF_R8G8B8,4096x4096x1) with 5 generated mipmaps from Image. Internal format is PF_X8R8G8B8,4096x4096x1.
15:37:36: Mesh: Loading Uranus.mesh.
15:37:36: Texture: Uranus.png: Loading 1 faces(PF_A8R8G8B8,720x360x1) with 5 generated mipmaps from Image. Internal format is PF_A8R8G8B8,720x360x1.
15:37:36: Mesh: Loading Neptune.mesh.
15:37:36: WARNING: Neptune.mesh is an older format ([MeshSerializer_v1.30]); you should upgrade it as soon as possible using the OgreMeshUpgrade tool.
15:37:36: Texture: Neptune1.png: Loading 1 faces(PF_A8R8G8B8,1024x512x1) with 5 generated mipmaps from Image. Internal format is PF_A8R8G8B8,1024x512x1.
15:37:36: Mesh: Loading Pluto.mesh.
15:37:36: WARNING: Pluto.mesh is an older format ([MeshSerializer_v1.30]); you should upgrade it as soon as possible using the OgreMeshUpgrade tool.
15:37:36: Texture: Pluto1.png: Loading 1 faces(PF_A8R8G8B8,1024x512x1) with 5 generated mipmaps from Image. Internal format is PF_A8R8G8B8,1024x512x1.
15:37:36: Mesh: Loading Moon.mesh.
15:37:36: Texture: Moon.png: Loading 1 faces(PF_A8R8G8B8,2000x1000x1) with 5 generated mipmaps from Image. Internal format is PF_A8R8G8B8,2000x1000x1.
15:37:37: Texture: spot_shadow_fade.png: Loading 1 faces(PF_R8G8B8,128x128x1) with 5 generated mipmaps from Image. Internal format is PF_X8R8G8B8,128x128x1.
15:37:37: Font SdkTrays/Value using texture size 512x256
15:37:37: Info: Freetype returned null for character 127 in font SdkTrays/Value
15:37:37: Info: Freetype returned null for character 128 in font SdkTrays/Value
15:37:37: Info: Freetype returned null for character 129 in font SdkTrays/Value
15:37:37: Info: Freetype returned null for character 130 in font SdkTrays/Value
15:37:37: Info: Freetype returned null for character 131 in font SdkTrays/Value
15:37:37: Info: Freetype returned null for character 132 in font SdkTrays/Value
15:37:37: Info: Freetype returned null for character 133 in font SdkTrays/Value
15:37:37: Info: Freetype returned null for character 134 in font SdkTrays/Value
15:37:37: Info: Freetype returned null for character 135 in font SdkTrays/Value
15:37:37: Info: Freetype returned null for character 136 in font SdkTrays/Value
15:37:37: Info: Freetype returned null for character 137 in font SdkTrays/Value
15:37:37: Info: Freetype returned null for character 138 in font SdkTrays/Value
15:37:37: Info: Freetype returned null for character 139 in font SdkTrays/Value
15:37:37: Info: Freetype returned null for character 140 in font SdkTrays/Value
15:37:37: Info: Freetype returned null for character 141 in font SdkTrays/Value
15:37:37: Info: Freetype returned null for character 142 in font SdkTrays/Value
15:37:37: Info: Freetype returned null for character 143 in font SdkTrays/Value
15:37:37: Info: Freetype returned null for character 144 in font SdkTrays/Value
15:37:37: Info: Freetype returned null for character 145 in font SdkTrays/Value
15:37:37: Info: Freetype returned null for character 146 in font SdkTrays/Value
15:37:37: Info: Freetype returned null for character 147 in font SdkTrays/Value
15:37:37: Info: Freetype returned null for character 148 in font SdkTrays/Value
15:37:37: Info: Freetype returned null for character 149 in font SdkTrays/Value
15:37:37: Info: Freetype returned null for character 150 in font SdkTrays/Value
15:37:37: Info: Freetype returned null for character 151 in font SdkTrays/Value
15:37:37: Info: Freetype returned null for character 152 in font SdkTrays/Value
15:37:37: Info: Freetype returned null for character 153 in font SdkTrays/Value
15:37:37: Info: Freetype returned null for character 154 in font SdkTrays/Value
15:37:37: Info: Freetype returned null for character 155 in font SdkTrays/Value
15:37:37: Info: Freetype returned null for character 156 in font SdkTrays/Value
15:37:37: Info: Freetype returned null for character 157 in font SdkTrays/Value
15:37:37: Info: Freetype returned null for character 158 in font SdkTrays/Value
15:37:37: Info: Freetype returned null for character 159 in font SdkTrays/Value
15:37:37: Info: Freetype returned null for character 160 in font SdkTrays/Value
15:37:37: Texture: SdkTrays/ValueTexture: Loading 1 faces(PF_BYTE_LA,512x256x1) with 0 generated mipmaps from Image. Internal format is PF_BYTE_LA,512x256x1.
15:38:53: Font SdkTrays/Caption using texture size 512x256
15:38:53: Info: Freetype returned null for character 160 in font SdkTrays/Caption
15:38:53: Texture: SdkTrays/CaptionTexture: Loading 1 faces(PF_BYTE_LA,512x256x1) with 0 generated mipmaps from Image. Internal format is PF_BYTE_LA,512x256x1.
15:41:17: Unregistering ResourceManager for type Font
15:41:17: DefaultWorkQueue('Root') shutting down on thread a90.
15:41:17: DefaultWorkQueue('Root')::WorkerFunc - thread e14 stopped.
15:41:17: DefaultWorkQueue('Root')::WorkerFunc - thread 13d4 stopped.
15:41:17: DefaultWorkQueue('Root')::WorkerFunc - thread 1274 stopped.
15:41:17: DefaultWorkQueue('Root')::WorkerFunc - thread 69c stopped.
15:41:17: *-*-* OGRE Shutdown
15:41:17: Unregistering ResourceManager for type Compositor
15:41:17: Unregistering ResourceManager for type Skeleton
15:41:17: Unregistering ResourceManager for type Mesh
15:41:17: Unregistering ResourceManager for type HighLevelGpuProgram
15:41:17: Uninstalling plugin: GL RenderSystem
15:41:18: Unregistering ResourceManager for type GpuProgram
15:41:18: *** Stopping Win32GL Subsystem ***
15:41:18: Unregistering ResourceManager for type Texture
15:41:18: Plugin successfully uninstalled
15:41:18: Unloading library C:/CPSolarSystemProject/Plugins\RenderSystem_GL
15:41:18: Unregistering ResourceManager for type Material
