18:01:13: Creating resource group General
18:01:13: Creating resource group Internal
18:01:13: Creating resource group Autodetect
18:01:13: SceneManagerFactory for type 'DefaultSceneManager' registered.
18:01:13: Registering ResourceManager for type Material
18:01:13: Registering ResourceManager for type Mesh
18:01:13: Registering ResourceManager for type Skeleton
18:01:13: MovableObjectFactory for type 'ParticleSystem' registered.
18:01:13: ArchiveFactory for archive type FileSystem registered.
18:01:13: ArchiveFactory for archive type Zip registered.
18:01:13: ArchiveFactory for archive type EmbeddedZip registered.
18:01:13: DDS codec registering
18:01:13: FreeImage version: 3.16.0
18:01:13: This program uses FreeImage, a free, open source image library supporting all common bitmap formats. See http://freeimage.sourceforge.net for details
18:01:13: Supported formats: bmp,ico,jpg,jif,jpeg,jpe,jng,koa,iff,lbm,mng,pbm,pbm,pcd,pcx,pgm,pgm,png,ppm,ppm,ras,tga,targa,tif,tiff,wap,wbmp,wbm,psd,cut,xbm,xpm,gif,hdr,g3,sgi,rgb,rgba,bw,exr,j2k,j2c,jp2,pfm,pct,pict,pic,3fr,arw,bay,bmq,cap,cine,cr2,crw,cs1,dc2,dcr,drf,dsc,dng,erf,fff,ia,iiq,k25,kc2,kdc,mdc,mef,mos,mrw,nef,nrw,orf,pef,ptx,pxn,qtk,raf,raw,rdc,rw2,rwl,rwz,sr2,srf,srw,sti,webp
18:01:13: ETC codec registering
18:01:13: Registering ResourceManager for type HighLevelGpuProgram
18:01:13: Registering ResourceManager for type Compositor
18:01:13: MovableObjectFactory for type 'Entity' registered.
18:01:13: MovableObjectFactory for type 'Light' registered.
18:01:13: MovableObjectFactory for type 'BillboardSet' registered.
18:01:13: MovableObjectFactory for type 'ManualObject' registered.
18:01:13: MovableObjectFactory for type 'BillboardChain' registered.
18:01:13: MovableObjectFactory for type 'RibbonTrail' registered.
18:01:13: Loading library ./Plugins\RenderSystem_GL
18:01:13: Installing plugin: GL RenderSystem
18:01:13: OpenGL Rendering Subsystem created.
18:01:13: Plugin successfully installed
18:01:13: *-*-* OGRE Initialising
18:01:13: *-*-* Version 1.9.0 (Ghadamon)
18:01:13: Creating resource group Essential
18:01:13: Added resource location './Resources/SdkTrays.zip' of type 'Zip' to resource group 'Essential'
18:01:13: Added resource location './Resources/profiler.zip' of type 'Zip' to resource group 'Essential'
18:01:13: Added resource location './Resources/MySkyBox.zip' of type 'Zip' to resource group 'Essential'
18:01:13: Added resource location './Resources' of type 'FileSystem' to resource group 'General'
18:01:13: CPU Identifier & Features
18:01:13: -------------------------
18:01:13:  *   CPU ID: GenuineIntel: Intel(R) Core(TM) i5-4200U CPU @ 1.60GHz
18:01:13:  *      SSE: yes
18:01:13:  *     SSE2: yes
18:01:13:  *     SSE3: yes
18:01:13:  *      MMX: yes
18:01:13:  *   MMXEXT: yes
18:01:13:  *    3DNOW: no
18:01:13:  * 3DNOWEXT: no
18:01:13:  *     CMOV: yes
18:01:13:  *      TSC: yes
18:01:13:  *      FPU: yes
18:01:13:  *      PRO: yes
18:01:13:  *       HT: no
18:01:13: -------------------------
18:01:13: *** Starting Win32GL Subsystem ***
18:01:13: Registering ResourceManager for type Texture
18:01:13: GLRenderSystem::_createRenderWindow "iMagiNext 2014 Solar Exploratorium 0.9 (Build: Luna)", 1024x768 windowed  miscParams: FSAA=0 FSAAHint= colourDepth=32 displayFrequency=0 gamma=true vsync=true vsyncInterval=1 
18:01:13: Created Win32Window 'iMagiNext 2014 Solar Exploratorium 0.9 (Build: Luna)' : 1040x728, 32bpp
18:01:13: GL_VERSION = 4.2.0 - Build 10.18.10.3412
18:01:13: GL_VENDOR = Intel
18:01:13: GL_RENDERER = Intel(R) HD Graphics 4400
18:01:13: GL_EXTENSIONS = GL_EXT_blend_minmax GL_EXT_blend_subtract GL_EXT_blend_color GL_EXT_abgr GL_EXT_texture3D GL_EXT_clip_volume_hint GL_EXT_compiled_vertex_array GL_SGIS_texture_edge_clamp GL_SGIS_generate_mipmap GL_EXT_draw_range_elements GL_SGIS_texture_lod GL_EXT_rescale_normal GL_EXT_packed_pixels GL_EXT_texture_edge_clamp GL_EXT_separate_specular_color GL_ARB_multitexture GL_ARB_map_buffer_alignment GL_ARB_conservative_depth GL_EXT_texture_env_combine GL_EXT_bgra GL_EXT_blend_func_separate GL_EXT_secondary_color GL_EXT_fog_coord GL_EXT_texture_env_add GL_ARB_texture_cube_map GL_ARB_transpose_matrix GL_ARB_internalformat_query GL_ARB_internalformat_query2 GL_ARB_texture_env_add GL_IBM_texture_mirrored_repeat GL_EXT_multi_draw_arrays GL_SUN_multi_draw_arrays GL_NV_blend_square GL_ARB_texture_compression GL_3DFX_texture_compression_FXT1 GL_EXT_texture_filter_anisotropic GL_ARB_texture_border_clamp GL_ARB_point_parameters GL_ARB_texture_env_combine GL_ARB_texture_env_dot3 GL_ARB_texture_env_crossbar GL_EXT_texture_compression_s3tc GL_ARB_shadow GL_ARB_window_pos GL_EXT_shadow_funcs GL_EXT_stencil_wrap GL_ARB_vertex_program GL_EXT_texture_rectangle GL_ARB_fragment_program GL_EXT_stencil_two_side GL_ATI_separate_stencil GL_ARB_vertex_buffer_object GL_EXT_texture_lod_bias GL_ARB_occlusion_query GL_ARB_fragment_shader GL_ARB_shader_objects GL_ARB_shading_language_100 GL_ARB_texture_non_power_of_two GL_ARB_vertex_shader GL_NV_texgen_reflection GL_ARB_point_sprite GL_ARB_fragment_program_shadow GL_EXT_blend_equation_separate GL_ARB_depth_texture GL_ARB_texture_rectangle GL_ARB_draw_buffers GL_ARB_color_buffer_float GL_ARB_half_float_pixel GL_ARB_texture_float GL_ARB_pixel_buffer_object GL_EXT_framebuffer_object GL_ARB_draw_instanced GL_ARB_half_float_vertex GL_ARB_occlusion_query2 GL_EXT_draw_buffers2 GL_WIN_swap_hint GL_EXT_texture_sRGB GL_ARB_multisample GL_EXT_packed_float GL_EXT_texture_shared_exponent GL_ARB_texture_rg GL_ARB_texture_compression_rgtc GL_NV_conditional_render GL_ARB_texture_swizzle GL_EXT_texture_swizzle GL_ARB_texture_gather GL_ARB_sync GL_ARB_framebuffer_sRGB GL_EXT_packed_depth_stencil GL_ARB_depth_buffer_float GL_EXT_transform_feedback GL_ARB_transform_feedback2 GL_ARB_draw_indirect GL_EXT_framebuffer_blit GL_EXT_framebuffer_multisample GL_ARB_framebuffer_object GL_EXT_texture_array GL_EXT_texture_integer GL_ARB_map_buffer_range GL_ARB_texture_buffer_range GL_EXT_texture_snorm GL_ARB_blend_func_extended GL_INTEL_performance_queries GL_ARB_copy_buffer GL_ARB_sampler_objects GL_NV_primitive_restart GL_ARB_seamless_cube_map GL_ARB_uniform_buffer_object GL_ARB_depth_clamp GL_ARB_vertex_array_bgra GL_ARB_shader_bit_encoding GL_ARB_draw_buffers_blend GL_ARB_geometry_shader4 GL_EXT_geometry_shader4 GL_ARB_texture_query_lod GL_ARB_explicit_attrib_location GL_ARB_draw_elements_base_vertex GL_ARB_instanced_arrays GL_ARB_base_instance GL_ARB_fragment_coord_conventions GL_EXT_gpu_program_parameters GL_ARB_texture_buffer_object_rgb32 GL_ARB_compatibility GL_ARB_texture_rgb10_a2ui GL_ARB_texture_multisample GL_ARB_vertex_type_2_10_10_10_rev GL_ARB_timer_query GL_ARB_tessellation_shader GL_ARB_vertex_array_object GL_ARB_provoking_vertex GL_ARB_sample_shading GL_ARB_texture_cube_map_array GL_EXT_gpu_shader4 GL_ARB_gpu_shader5 GL_ARB_gpu_shader_fp64 GL_INTEL_fragment_shader_ordering GL_EXT_clip_control GL_ARB_shader_subroutine GL_ARB_transform_feedback3 GL_ARB_get_program_binary GL_ARB_separate_shader_objects GL_ARB_shader_precision GL_ARB_vertex_attrib_64bit GL_ARB_viewport_array GL_ARB_transform_feedback_instanced GL_ARB_compressed_texture_pixel_storage GL_ARB_shader_atomic_counters GL_ARB_shading_language_packing GL_ARB_shader_image_load_store GL_ARB_shading_language_420pack GL_ARB_texture_storage GL_EXT_texture_storage GL_ARB_compute_shader GL_ARB_vertex_attrib_binding GL_ARB_multi_draw_indirect GL_ARB_program_interface_query GL_ARB_shader_storage_buffer_object GL_ARB_debug_output GL_KHR_debug GL_ARB_arrays_of_arrays GL_INTEL_map_texture GL_ARB_texture_compression_bptc GL_ARB_ES2_compatibility GL_ARB_robustness GL_EXT_texture_sRGB_decode 
18:01:13: Supported WGL extensions: WGL_EXT_depth_float WGL_ARB_buffer_region WGL_ARB_extensions_string WGL_ARB_make_current_read WGL_ARB_pixel_format WGL_ARB_pbuffer WGL_EXT_extensions_string WGL_EXT_swap_control WGL_EXT_swap_control_tear WGL_ARB_multisample WGL_ARB_pixel_format_float WGL_ARB_framebuffer_sRGB WGL_ARB_create_context WGL_ARB_create_context_profile WGL_EXT_pixel_format_packed_float WGL_EXT_create_context_es_profile WGL_EXT_create_context_es2_profile WGL_NV_DX_interop WGL_ARB_create_context_robustness 
18:01:13: ***************************
18:01:13: *** GL Renderer Started ***
18:01:13: ***************************
18:01:13: Registering ResourceManager for type GpuProgram
18:01:13: GLSL support detected
18:01:13: GL: Using GL_EXT_framebuffer_object for rendering to textures (best)
18:01:13: FBO PF_UNKNOWN depth/stencil support: D0S1 D0S4 D0S8 D0S16 D16S0 D16S1 D16S4 D16S8 D16S16 D24S0 D24S1 D24S4 D24S8 D24S16 D32S0 D32S1 D32S4 D32S8 D32S16 Packed-D24S8 
18:01:13: FBO PF_A8 depth/stencil support: D0S0 D0S1 D0S4 D0S8 D0S16 D16S0 D16S1 D16S4 D16S8 D16S16 D24S0 D24S1 D24S4 D24S8 D24S16 D32S0 D32S1 D32S4 D32S8 D32S16 Packed-D24S8 
18:01:13: FBO PF_R5G6B5 depth/stencil support: D0S0 D0S1 D0S4 D0S8 D0S16 D16S0 D16S1 D16S4 D16S8 D16S16 D24S0 D24S1 D24S4 D24S8 D24S16 D32S0 D32S1 D32S4 D32S8 D32S16 Packed-D24S8 
18:01:13: FBO PF_B5G6R5 depth/stencil support: D0S0 D0S1 D0S4 D0S8 D0S16 D16S0 D16S1 D16S4 D16S8 D16S16 D24S0 D24S1 D24S4 D24S8 D24S16 D32S0 D32S1 D32S4 D32S8 D32S16 Packed-D24S8 
18:01:13: FBO PF_A4R4G4B4 depth/stencil support: D0S0 D0S1 D0S4 D0S8 D0S16 D16S0 D16S1 D16S4 D16S8 D16S16 D24S0 D24S1 D24S4 D24S8 D24S16 D32S0 D32S1 D32S4 D32S8 D32S16 Packed-D24S8 
18:01:13: FBO PF_A1R5G5B5 depth/stencil support: D0S0 D0S1 D0S4 D0S8 D0S16 D16S0 D16S1 D16S4 D16S8 D16S16 D24S0 D24S1 D24S4 D24S8 D24S16 D32S0 D32S1 D32S4 D32S8 D32S16 Packed-D24S8 
18:01:13: FBO PF_R8G8B8 depth/stencil support: D0S0 D0S1 D0S4 D0S8 D0S16 D16S0 D16S1 D16S4 D16S8 D16S16 D24S0 D24S1 D24S4 D24S8 D24S16 D32S0 D32S1 D32S4 D32S8 D32S16 Packed-D24S8 
18:01:13: FBO PF_B8G8R8 depth/stencil support: D0S0 D0S1 D0S4 D0S8 D0S16 D16S0 D16S1 D16S4 D16S8 D16S16 D24S0 D24S1 D24S4 D24S8 D24S16 D32S0 D32S1 D32S4 D32S8 D32S16 Packed-D24S8 
18:01:13: FBO PF_A8R8G8B8 depth/stencil support: D0S0 D0S1 D0S4 D0S8 D0S16 D16S0 D16S1 D16S4 D16S8 D16S16 D24S0 D24S1 D24S4 D24S8 D24S16 D32S0 D32S1 D32S4 D32S8 D32S16 Packed-D24S8 
18:01:13: FBO PF_B8G8R8A8 depth/stencil support: D0S0 D0S1 D0S4 D0S8 D0S16 D16S0 D16S1 D16S4 D16S8 D16S16 D24S0 D24S1 D24S4 D24S8 D24S16 D32S0 D32S1 D32S4 D32S8 D32S16 Packed-D24S8 
18:01:13: FBO PF_A2R10G10B10 depth/stencil support: D0S0 D0S1 D0S4 D0S8 D0S16 D16S0 D16S1 D16S4 D16S8 D16S16 D24S0 D24S1 D24S4 D24S8 D24S16 D32S0 D32S1 D32S4 D32S8 D32S16 Packed-D24S8 
18:01:13: FBO PF_A2B10G10R10 depth/stencil support: D0S0 D0S1 D0S4 D0S8 D0S16 D16S0 D16S1 D16S4 D16S8 D16S16 D24S0 D24S1 D24S4 D24S8 D24S16 D32S0 D32S1 D32S4 D32S8 D32S16 Packed-D24S8 
18:01:13: FBO PF_FLOAT16_RGB depth/stencil support: D0S0 D0S1 D0S4 D0S8 D0S16 D16S0 D16S1 D16S4 D16S8 D16S16 D24S0 D24S1 D24S4 D24S8 D24S16 D32S0 D32S1 D32S4 D32S8 D32S16 Packed-D24S8 
18:01:14: FBO PF_FLOAT16_RGBA depth/stencil support: D0S0 D0S1 D0S4 D0S8 D0S16 D16S0 D16S1 D16S4 D16S8 D16S16 D24S0 D24S1 D24S4 D24S8 D24S16 D32S0 D32S1 D32S4 D32S8 D32S16 Packed-D24S8 
18:01:14: FBO PF_FLOAT32_RGB depth/stencil support: D0S0 D0S1 D0S4 D0S8 D0S16 D16S0 D16S1 D16S4 D16S8 D16S16 D24S0 D24S1 D24S4 D24S8 D24S16 D32S0 D32S1 D32S4 D32S8 D32S16 Packed-D24S8 
18:01:14: FBO PF_FLOAT32_RGBA depth/stencil support: D0S0 D0S1 D0S4 D0S8 D0S16 D16S0 D16S1 D16S4 D16S8 D16S16 D24S0 D24S1 D24S4 D24S8 D24S16 D32S0 D32S1 D32S4 D32S8 D32S16 Packed-D24S8 
18:01:14: FBO PF_X8R8G8B8 depth/stencil support: D0S0 D0S1 D0S4 D0S8 D0S16 D16S0 D16S1 D16S4 D16S8 D16S16 D24S0 D24S1 D24S4 D24S8 D24S16 D32S0 D32S1 D32S4 D32S8 D32S16 Packed-D24S8 
18:01:14: FBO PF_X8B8G8R8 depth/stencil support: D0S0 D0S1 D0S4 D0S8 D0S16 D16S0 D16S1 D16S4 D16S8 D16S16 D24S0 D24S1 D24S4 D24S8 D24S16 D32S0 D32S1 D32S4 D32S8 D32S16 Packed-D24S8 
18:01:14: FBO PF_SHORT_RGBA depth/stencil support: D0S0 D0S1 D0S4 D0S8 D0S16 D16S0 D16S1 D16S4 D16S8 D16S16 D24S0 D24S1 D24S4 D24S8 D24S16 D32S0 D32S1 D32S4 D32S8 D32S16 Packed-D24S8 
18:01:14: FBO PF_R3G3B2 depth/stencil support: D0S0 D0S1 D0S4 D0S8 D0S16 D16S0 D16S1 D16S4 D16S8 D16S16 D24S0 D24S1 D24S4 D24S8 D24S16 D32S0 D32S1 D32S4 D32S8 D32S16 Packed-D24S8 
18:01:14: FBO PF_SHORT_RGB depth/stencil support: D0S0 D0S1 D0S4 D0S8 D0S16 D16S0 D16S1 D16S4 D16S8 D16S16 D24S0 D24S1 D24S4 D24S8 D24S16 D32S0 D32S1 D32S4 D32S8 D32S16 Packed-D24S8 
18:01:14: [GL] : Valid FBO targets PF_UNKNOWN PF_A8 PF_R5G6B5 PF_B5G6R5 PF_A4R4G4B4 PF_A1R5G5B5 PF_R8G8B8 PF_B8G8R8 PF_A8R8G8B8 PF_B8G8R8A8 PF_A2R10G10B10 PF_A2B10G10R10 PF_FLOAT16_RGB PF_FLOAT16_RGBA PF_FLOAT32_RGB PF_FLOAT32_RGBA PF_X8R8G8B8 PF_X8B8G8R8 PF_SHORT_RGBA PF_R3G3B2 PF_SHORT_RGB 
18:01:14: RenderSystem capabilities
18:01:14: -------------------------
18:01:14: RenderSystem Name: OpenGL Rendering Subsystem
18:01:14: GPU Vendor: intel
18:01:14: Device Name: Intel(R) HD Graphics 4400
18:01:14: Driver Version: 4.2.0.0
18:01:14:  * Fixed function pipeline: yes
18:01:14:  * Hardware generation of mipmaps: no
18:01:14:  * Texture blending: yes
18:01:14:  * Anisotropic texture filtering: yes
18:01:14:  * Dot product texture operation: yes
18:01:14:  * Cube mapping: yes
18:01:14:  * Hardware stencil buffer: yes
18:01:14:    - Stencil depth: 8
18:01:14:    - Two sided stencil support: yes
18:01:14:    - Wrap stencil values: yes
18:01:14:  * Hardware vertex / index buffers: yes
18:01:14:  * 32-bit index buffers: yes
18:01:14:  * Vertex programs: yes
18:01:14:  * Number of floating-point constants for vertex programs: 256
18:01:14:  * Number of integer constants for vertex programs: 0
18:01:14:  * Number of boolean constants for vertex programs: 0
18:01:14:  * Fragment programs: yes
18:01:14:  * Number of floating-point constants for fragment programs: 256
18:01:14:  * Number of integer constants for fragment programs: 0
18:01:14:  * Number of boolean constants for fragment programs: 0
18:01:14:  * Geometry programs: yes
18:01:14:  * Number of floating-point constants for geometry programs: 4096
18:01:14:  * Number of integer constants for geometry programs: 0
18:01:14:  * Number of boolean constants for geometry programs: 0
18:01:14:  * Tesselation Hull programs: no
18:01:14:  * Number of floating-point constants for tesselation hull programs: 0
18:01:14:  * Number of integer constants for tesselation hull programs: 0
18:01:14:  * Number of boolean constants for tesselation hull programs: 0
18:01:14:  * Tesselation Domain programs: no
18:01:14:  * Number of floating-point constants for tesselation domain programs: 0
18:01:14:  * Number of integer constants for tesselation domain programs: 0
18:01:14:  * Number of boolean constants for tesselation domain programs: 0
18:01:14:  * Compute programs: no
18:01:14:  * Number of floating-point constants for compute programs: 0
18:01:14:  * Number of integer constants for compute programs: 0
18:01:14:  * Number of boolean constants for compute programs: 0
18:01:14:  * Supported Shader Profiles: arbfp1 arbvp1 glsl glsl100 glsl110 glsl120 gp4gp gpu_gp nvgp4
18:01:14:  * Texture Compression: yes
18:01:14:    - DXT: yes
18:01:14:    - VTC: no
18:01:14:    - PVRTC: no
18:01:14:    - ATC: no
18:01:14:    - ETC1: no
18:01:14:    - ETC2: no
18:01:14:    - BC4/BC5: no
18:01:14:    - BC6H/BC7: no
18:01:14:  * Scissor Rectangle: yes
18:01:14:  * Hardware Occlusion Query: yes
18:01:14:  * User clip planes: yes
18:01:14:  * VET_UBYTE4 vertex element type: yes
18:01:14:  * Infinite far plane projection: yes
18:01:14:  * Hardware render-to-texture: yes
18:01:14:  * Floating point textures: yes
18:01:14:  * Non-power-of-two textures: yes
18:01:14:  * 1d textures: yes
18:01:14:  * Volume textures: yes
18:01:14:  * Multiple Render Targets: 8
18:01:14:    - With different bit depths: yes
18:01:14:  * Point Sprites: yes
18:01:14:  * Extended point parameters: yes
18:01:14:  * Max Point Size: 255
18:01:14:  * Vertex texture fetch: yes
18:01:14:  * Number of world matrices: 0
18:01:14:  * Number of texture units: 16
18:01:14:  * Stencil buffer depth: 8
18:01:14:  * Number of vertex blend matrices: 0
18:01:14:    - Max vertex textures: 32
18:01:14:    - Vertex textures shared: yes
18:01:14:  * Render to Vertex Buffer : no
18:01:14:  * Hardware Atomic Counters: no
18:01:14:  * GL 1.5 without VBO workaround: no
18:01:14:  * Frame Buffer objects: yes
18:01:14:  * Frame Buffer objects (ARB extension): no
18:01:14:  * Frame Buffer objects (ATI extension): no
18:01:14:  * PBuffer support: yes
18:01:14:  * GL 1.5 without HW-occlusion workaround: no
18:01:14:  * Vertex Array Objects: no
18:01:14:  * Separate shader objects: no
18:01:14: DefaultWorkQueue('Root') initialising on thread 12d4.
18:01:14: DefaultWorkQueue('Root')::WorkerFunc - thread c74 starting.
18:01:14: DefaultWorkQueue('Root')::WorkerFunc - thread b7c starting.
18:01:14: DefaultWorkQueue('Root')::WorkerFunc - thread 130c starting.
18:01:14: DefaultWorkQueue('Root')::WorkerFunc - thread 1568 starting.
18:01:14: Particle Renderer Type 'billboard' registered
18:01:14: OverlayElementFactory for type Panel registered.
18:01:14: OverlayElementFactory for type BorderPanel registered.
18:01:14: OverlayElementFactory for type TextArea registered.
18:01:14: Registering ResourceManager for type Font
18:01:14: Parsing scripts for resource group Autodetect
18:01:14: Finished parsing scripts for resource group Autodetect
18:01:14: Creating resources for group Autodetect
18:01:14: All done
18:01:14: Parsing scripts for resource group Essential
18:01:14: Parsing script SdkTrays.material
18:01:15: Parsing script OgreProfiler.material
18:01:15: Parsing script MySkyBox.material
18:01:15: Compiler error: unknown error in MySkyBox/MySkyBox.material(12): token "filtering" is not recognized
18:01:15: Parsing script SdkTrays.fontdef
18:01:15: Parsing script SdkTrays.overlay
18:01:15: Texture: sdk_cursor.png: Loading 1 faces(PF_A8R8G8B8,32x32x1) with 5 generated mipmaps from Image. Internal format is PF_A8R8G8B8,32x32x1.
18:01:15: Texture: sdk_tray.png: Loading 1 faces(PF_A8R8G8B8,64x64x1) with 5 generated mipmaps from Image. Internal format is PF_A8R8G8B8,64x64x1.
18:01:15: Texture: sdk_button_up.png: Loading 1 faces(PF_A8R8G8B8,128x32x1) with 5 generated mipmaps from Image. Internal format is PF_A8R8G8B8,128x32x1.
18:01:15: Texture: sdk_text_box.png: Loading 1 faces(PF_A8R8G8B8,32x32x1) with 5 generated mipmaps from Image. Internal format is PF_A8R8G8B8,32x32x1.
18:01:15: Texture: sdk_mini_tray.png: Loading 1 faces(PF_A8R8G8B8,32x32x1) with 5 generated mipmaps from Image. Internal format is PF_A8R8G8B8,32x32x1.
18:01:15: Texture: sdk_track.png: Loading 1 faces(PF_A8R8G8B8,16x32x1) with 5 generated mipmaps from Image. Internal format is PF_A8R8G8B8,16x32x1.
18:01:15: Texture: sdk_handle.png: Loading 1 faces(PF_A8R8G8B8,16x16x1) with 4 generated mipmaps from Image. Internal format is PF_A8R8G8B8,16x16x1.
18:01:15: Texture: sdk_mini_text_box.png: Loading 1 faces(PF_A8R8G8B8,32x32x1) with 5 generated mipmaps from Image. Internal format is PF_A8R8G8B8,32x32x1.
18:01:15: Texture: sdk_label.png: Loading 1 faces(PF_A8R8G8B8,32x32x1) with 5 generated mipmaps from Image. Internal format is PF_A8R8G8B8,32x32x1.
18:01:15: Texture: sdk_separator.png: Loading 1 faces(PF_A8R8G8B8,64x16x1) with 5 generated mipmaps from Image. Internal format is PF_A8R8G8B8,64x16x1.
18:01:15: Texture: sdk_logo.png: Loading 1 faces(PF_A8R8G8B8,128x64x1) with 5 generated mipmaps from Image. Internal format is PF_A8R8G8B8,128x64x1.
18:01:15: Texture: sdk_shade.png: Loading 1 faces(PF_A8R8G8B8,64x48x1) with 5 generated mipmaps from Image. Internal format is PF_A8R8G8B8,64x48x1.
18:01:15: Texture: sdk_frame.png: Loading 1 faces(PF_A8R8G8B8,32x32x1) with 5 generated mipmaps from Image. Internal format is PF_A8R8G8B8,32x32x1.
18:01:15: Texture: sdk_mini_text_box_over.png: Loading 1 faces(PF_A8R8G8B8,32x32x1) with 5 generated mipmaps from Image. Internal format is PF_A8R8G8B8,32x32x1.
18:01:15: Texture: sdk_pulse.png: Loading 1 faces(PF_R8G8B8,8x1x1) with 3 generated mipmaps from Image. Internal format is PF_X8R8G8B8,8x1x1.
18:01:15: Finished parsing scripts for resource group Essential
18:01:15: Creating resources for group Essential
18:01:15: All done
18:01:15: Parsing scripts for resource group General
18:01:15: Parsing script Earth8.material
18:01:15: Parsing script Jupiter1.material
18:01:15: Parsing script Mars.material
18:01:15: Parsing script Mercury.material
18:01:15: Parsing script Moon.material
18:01:15: Parsing script Neptune1.material
18:01:15: Parsing script Pluto1.material
18:01:15: Parsing script Saturn4.material
18:01:16: Parsing script Sun1.material
18:01:16: Parsing script Uranus.material
18:01:16: Parsing script Venus1.material
18:01:16: Finished parsing scripts for resource group General
18:01:16: Creating resources for group General
18:01:16: All done
18:01:16: Parsing scripts for resource group Internal
18:01:16: Finished parsing scripts for resource group Internal
18:01:16: Creating resources for group Internal
18:01:16: All done
18:01:18: Texture: SolarSystem_front5.png: Loading 1 faces(PF_R8G8B8,1024x1024x1) with 5 generated mipmaps from Image. Internal format is PF_X8R8G8B8,1024x1024x1.
18:01:18: Texture: SolarSystem_back6.png: Loading 1 faces(PF_R8G8B8,1024x1024x1) with 5 generated mipmaps from Image. Internal format is PF_X8R8G8B8,1024x1024x1.
18:01:18: Texture: SolarSystem_left2.png: Loading 1 faces(PF_R8G8B8,1024x1024x1) with 5 generated mipmaps from Image. Internal format is PF_X8R8G8B8,1024x1024x1.
18:01:18: Texture: SolarSystem_right1.png: Loading 1 faces(PF_R8G8B8,1024x1024x1) with 5 generated mipmaps from Image. Internal format is PF_X8R8G8B8,1024x1024x1.
18:01:18: Texture: SolarSystem_top3.png: Loading 1 faces(PF_R8G8B8,1024x1024x1) with 5 generated mipmaps from Image. Internal format is PF_X8R8G8B8,1024x1024x1.
18:01:18: Texture: SolarSystem_bottom4.png: Loading 1 faces(PF_R8G8B8,1024x1024x1) with 5 generated mipmaps from Image. Internal format is PF_X8R8G8B8,1024x1024x1.
18:01:18: *** Initializing OIS ***
18:01:19: Mesh: Loading Sun1.mesh.
18:01:21: Texture: Sun1.png: Loading 1 faces(PF_A8R8G8B8,1024x512x1) with 5 generated mipmaps from Image. Internal format is PF_A8R8G8B8,1024x512x1.
18:01:21: Mesh: Loading Mercury.mesh.
18:01:22: Texture: Mercury1.png: Loading 1 faces(PF_A8R8G8B8,1024x512x1) with 5 generated mipmaps from Image. Internal format is PF_A8R8G8B8,1024x512x1.
18:01:22: Mesh: Loading Venus1.mesh.
18:01:23: WARNING: Venus1.mesh is an older format ([MeshSerializer_v1.30]); you should upgrade it as soon as possible using the OgreMeshUpgrade tool.
18:01:23: Texture: Venus1.png: Loading 1 faces(PF_R8G8B8,1000x500x1) with 5 generated mipmaps from Image. Internal format is PF_X8R8G8B8,1000x500x1.
18:01:24: Mesh: Loading Earth.mesh.
18:01:24: WARNING: Earth.mesh is an older format ([MeshSerializer_v1.30]); you should upgrade it as soon as possible using the OgreMeshUpgrade tool.
18:01:25: Texture: Earth8.png: Loading 1 faces(PF_A8R8G8B8,640x320x1) with 5 generated mipmaps from Image. Internal format is PF_A8R8G8B8,640x320x1.
18:01:25: Mesh: Loading Mars.mesh.
18:01:26: WARNING: Mars.mesh is an older format ([MeshSerializer_v1.30]); you should upgrade it as soon as possible using the OgreMeshUpgrade tool.
18:01:26: Texture: Mars2.png: Loading 1 faces(PF_R8G8B8,640x320x1) with 5 generated mipmaps from Image. Internal format is PF_X8R8G8B8,640x320x1.
18:01:26: Mesh: Loading Jupiter.mesh.
18:01:27: WARNING: Jupiter.mesh is an older format ([MeshSerializer_v1.30]); you should upgrade it as soon as possible using the OgreMeshUpgrade tool.
18:01:27: Texture: Jupiter1.png: Loading 1 faces(PF_R8G8B8,720x360x1) with 5 generated mipmaps from Image. Internal format is PF_X8R8G8B8,720x360x1.
18:01:27: Mesh: Loading Saturn.mesh.
18:01:28: WARNING: Saturn.mesh is an older format ([MeshSerializer_v1.30]); you should upgrade it as soon as possible using the OgreMeshUpgrade tool.
18:01:28: Texture: Saturn4.png: Loading 1 faces(PF_R8G8B8,720x360x1) with 5 generated mipmaps from Image. Internal format is PF_X8R8G8B8,720x360x1.
18:01:29: Texture: Saturn5h8-l1.png: Loading 1 faces(PF_R8G8B8,4096x4096x1) with 5 generated mipmaps from Image. Internal format is PF_X8R8G8B8,4096x4096x1.
18:01:30: Mesh: Loading Uranus.mesh.
18:01:31: Texture: Uranus.png: Loading 1 faces(PF_A8R8G8B8,720x360x1) with 5 generated mipmaps from Image. Internal format is PF_A8R8G8B8,720x360x1.
18:01:31: Mesh: Loading Neptune.mesh.
18:01:32: WARNING: Neptune.mesh is an older format ([MeshSerializer_v1.30]); you should upgrade it as soon as possible using the OgreMeshUpgrade tool.
18:01:32: Texture: Neptune1.png: Loading 1 faces(PF_A8R8G8B8,1024x512x1) with 5 generated mipmaps from Image. Internal format is PF_A8R8G8B8,1024x512x1.
18:01:32: Mesh: Loading Pluto.mesh.
18:01:33: WARNING: Pluto.mesh is an older format ([MeshSerializer_v1.30]); you should upgrade it as soon as possible using the OgreMeshUpgrade tool.
18:01:34: Texture: Pluto1.png: Loading 1 faces(PF_A8R8G8B8,1024x512x1) with 5 generated mipmaps from Image. Internal format is PF_A8R8G8B8,1024x512x1.
18:01:34: Mesh: Loading Moon.mesh.
18:01:36: Texture: Moon.png: Loading 1 faces(PF_A8R8G8B8,2000x1000x1) with 5 generated mipmaps from Image. Internal format is PF_A8R8G8B8,2000x1000x1.
18:01:37: Unregistering ResourceManager for type Font
18:01:37: DefaultWorkQueue('Root') shutting down on thread 12d4.
18:01:37: DefaultWorkQueue('Root')::WorkerFunc - thread 1568 stopped.
18:01:37: DefaultWorkQueue('Root')::WorkerFunc - thread b7c stopped.
18:01:37: DefaultWorkQueue('Root')::WorkerFunc - thread 130c stopped.
18:01:37: DefaultWorkQueue('Root')::WorkerFunc - thread c74 stopped.
18:01:37: *-*-* OGRE Shutdown
18:01:37: Unregistering ResourceManager for type Compositor
18:01:37: Unregistering ResourceManager for type Skeleton
18:01:37: Unregistering ResourceManager for type Mesh
18:01:37: Unregistering ResourceManager for type HighLevelGpuProgram
18:01:37: Uninstalling plugin: GL RenderSystem
18:01:37: Unregistering ResourceManager for type GpuProgram
18:01:37: *** Stopping Win32GL Subsystem ***
18:01:37: Unregistering ResourceManager for type Texture
18:01:37: Plugin successfully uninstalled
18:01:37: Unloading library ./Plugins\RenderSystem_GL
18:01:37: Unregistering ResourceManager for type Material
