Build started 06-Jun-14 9:36:09 AM.
     1>Project "C:\CPSolarSystemProject\CPSolarSystemProject\CPSolarSystemProject.vcxproj" on node 2 (build target(s)).
     1>InitializeBuildStatus:
         Creating "obj\Debug\CPSolarSystemProject.unsuccessfulbuild" because "AlwaysCreate" was specified.
       ClCompile:
         All outputs are up-to-date.
       ManifestResourceCompile:
         All outputs are up-to-date.
       Link:
         All outputs are up-to-date.
       Manifest:
         All outputs are up-to-date.
       PostBuildEvent:
         Description: Copying exe to samples bin directory ...
         copy "bin\Debug\\CPSolarSystemProject.exe" "C:\OgreSDK\OgreSDK_vc10_v1-9-0\Bin\Debug"
         :VCEnd
                 1 file(s) copied.
       FinalizeBuildStatus:
         Deleting file "obj\Debug\CPSolarSystemProject.unsuccessfulbuild".
         Touching "obj\Debug\CPSolarSystemProject.lastbuildstate".
     1>Done Building Project "C:\CPSolarSystemProject\CPSolarSystemProject\CPSolarSystemProject.vcxproj" (build target(s)).

Build succeeded.

Time Elapsed 00:00:00.17
