bin\Debug\CPSolarSystemProject.ilk
bin\Debug\CPSolarSystemProject.pdb
C:\CP PROJECT\CPSOLARSYSTEMPROJECT\CPSOLARSYSTEMPROJECT\BIN\DEBUG\CPSOLARSYSTEMPROJECT.EXE
C:\CP PROJECT\CPSOLARSYSTEMPROJECT\CPSOLARSYSTEMPROJECT\BIN\DEBUG\CPSOLARSYSTEMPROJECT.ILK
C:\CP PROJECT\CPSOLARSYSTEMPROJECT\CPSOLARSYSTEMPROJECT\BIN\DEBUG\CPSOLARSYSTEMPROJECT.PDB
C:\CP Project\CPSolarSystemProject\CPSolarSystemProject\obj\Debug\BaseApplication.obj
C:\CP Project\CPSolarSystemProject\CPSolarSystemProject\obj\Debug\cl.command.1.tlog
C:\CP Project\CPSolarSystemProject\CPSolarSystemProject\obj\Debug\CL.read.1.tlog
C:\CP Project\CPSolarSystemProject\CPSolarSystemProject\obj\Debug\CL.write.1.tlog
C:\CP Project\CPSolarSystemProject\CPSolarSystemProject\obj\Debug\CPSolarSystemProject.exe.embed.manifest
C:\CP PROJECT\CPSOLARSYSTEMPROJECT\CPSOLARSYSTEMPROJECT\OBJ\DEBUG\CPSOLARSYSTEMPROJECT.EXE.EMBED.MANIFEST.RES
C:\CP PROJECT\CPSOLARSYSTEMPROJECT\CPSOLARSYSTEMPROJECT\OBJ\DEBUG\CPSOLARSYSTEMPROJECT.EXE.INTERMEDIATE.MANIFEST
C:\CP Project\CPSolarSystemProject\CPSolarSystemProject\obj\Debug\CPSolarSystemProject.vcxprojResolveAssemblyReference.cache
C:\CP Project\CPSolarSystemProject\CPSolarSystemProject\obj\Debug\CPSolarSystemProject.write.1.tlog
C:\CP Project\CPSolarSystemProject\CPSolarSystemProject\obj\Debug\CPSolarSystemProject_manifest.rc
C:\CP Project\CPSolarSystemProject\CPSolarSystemProject\obj\Debug\link.10076.read.1.tlog
C:\CP Project\CPSolarSystemProject\CPSolarSystemProject\obj\Debug\link.10076.write.1.tlog
C:\CP Project\CPSolarSystemProject\CPSolarSystemProject\obj\Debug\link.10076-cvtres.read.1.tlog
C:\CP Project\CPSolarSystemProject\CPSolarSystemProject\obj\Debug\link.10076-cvtres.write.1.tlog
C:\CP Project\CPSolarSystemProject\CPSolarSystemProject\obj\Debug\link.1052.read.1.tlog
C:\CP Project\CPSolarSystemProject\CPSolarSystemProject\obj\Debug\link.1052.write.1.tlog
C:\CP Project\CPSolarSystemProject\CPSolarSystemProject\obj\Debug\link.1052-cvtres.read.1.tlog
C:\CP Project\CPSolarSystemProject\CPSolarSystemProject\obj\Debug\link.1052-cvtres.write.1.tlog
C:\CP Project\CPSolarSystemProject\CPSolarSystemProject\obj\Debug\link.1176.read.1.tlog
C:\CP Project\CPSolarSystemProject\CPSolarSystemProject\obj\Debug\link.1176.write.1.tlog
C:\CP Project\CPSolarSystemProject\CPSolarSystemProject\obj\Debug\link.1176-cvtres.read.1.tlog
C:\CP Project\CPSolarSystemProject\CPSolarSystemProject\obj\Debug\link.1176-cvtres.write.1.tlog
C:\CP Project\CPSolarSystemProject\CPSolarSystemProject\obj\Debug\link.1180.read.1.tlog
C:\CP Project\CPSolarSystemProject\CPSolarSystemProject\obj\Debug\link.1180.write.1.tlog
C:\CP Project\CPSolarSystemProject\CPSolarSystemProject\obj\Debug\link.1180-cvtres.read.1.tlog
C:\CP Project\CPSolarSystemProject\CPSolarSystemProject\obj\Debug\link.1180-cvtres.write.1.tlog
C:\CP Project\CPSolarSystemProject\CPSolarSystemProject\obj\Debug\link.1284.read.1.tlog
C:\CP Project\CPSolarSystemProject\CPSolarSystemProject\obj\Debug\link.1284.write.1.tlog
C:\CP Project\CPSolarSystemProject\CPSolarSystemProject\obj\Debug\link.1284-cvtres.read.1.tlog
C:\CP Project\CPSolarSystemProject\CPSolarSystemProject\obj\Debug\link.1284-cvtres.write.1.tlog
C:\CP Project\CPSolarSystemProject\CPSolarSystemProject\obj\Debug\link.1844.read.1.tlog
C:\CP Project\CPSolarSystemProject\CPSolarSystemProject\obj\Debug\link.1844.write.1.tlog
C:\CP Project\CPSolarSystemProject\CPSolarSystemProject\obj\Debug\link.1844-cvtres.read.1.tlog
C:\CP Project\CPSolarSystemProject\CPSolarSystemProject\obj\Debug\link.1844-cvtres.write.1.tlog
C:\CP Project\CPSolarSystemProject\CPSolarSystemProject\obj\Debug\link.1848.read.1.tlog
C:\CP Project\CPSolarSystemProject\CPSolarSystemProject\obj\Debug\link.1848.write.1.tlog
C:\CP Project\CPSolarSystemProject\CPSolarSystemProject\obj\Debug\link.1848-cvtres.read.1.tlog
C:\CP Project\CPSolarSystemProject\CPSolarSystemProject\obj\Debug\link.1848-cvtres.write.1.tlog
C:\CP Project\CPSolarSystemProject\CPSolarSystemProject\obj\Debug\link.1892.read.1.tlog
C:\CP Project\CPSolarSystemProject\CPSolarSystemProject\obj\Debug\link.1892.write.1.tlog
C:\CP Project\CPSolarSystemProject\CPSolarSystemProject\obj\Debug\link.1892-cvtres.read.1.tlog
C:\CP Project\CPSolarSystemProject\CPSolarSystemProject\obj\Debug\link.1892-cvtres.write.1.tlog
C:\CP Project\CPSolarSystemProject\CPSolarSystemProject\obj\Debug\link.2344.read.1.tlog
C:\CP Project\CPSolarSystemProject\CPSolarSystemProject\obj\Debug\link.2344.write.1.tlog
C:\CP Project\CPSolarSystemProject\CPSolarSystemProject\obj\Debug\link.2344-cvtres.read.1.tlog
C:\CP Project\CPSolarSystemProject\CPSolarSystemProject\obj\Debug\link.2344-cvtres.write.1.tlog
C:\CP Project\CPSolarSystemProject\CPSolarSystemProject\obj\Debug\link.2516.read.1.tlog
C:\CP Project\CPSolarSystemProject\CPSolarSystemProject\obj\Debug\link.2516.write.1.tlog
C:\CP Project\CPSolarSystemProject\CPSolarSystemProject\obj\Debug\link.2516-cvtres.read.1.tlog
C:\CP Project\CPSolarSystemProject\CPSolarSystemProject\obj\Debug\link.2516-cvtres.write.1.tlog
C:\CP Project\CPSolarSystemProject\CPSolarSystemProject\obj\Debug\link.2536.read.1.tlog
C:\CP Project\CPSolarSystemProject\CPSolarSystemProject\obj\Debug\link.2536.write.1.tlog
C:\CP Project\CPSolarSystemProject\CPSolarSystemProject\obj\Debug\link.2536-cvtres.read.1.tlog
C:\CP Project\CPSolarSystemProject\CPSolarSystemProject\obj\Debug\link.2536-cvtres.write.1.tlog
C:\CP Project\CPSolarSystemProject\CPSolarSystemProject\obj\Debug\link.2584.read.1.tlog
C:\CP Project\CPSolarSystemProject\CPSolarSystemProject\obj\Debug\link.2584.write.1.tlog
C:\CP Project\CPSolarSystemProject\CPSolarSystemProject\obj\Debug\link.2584-cvtres.read.1.tlog
C:\CP Project\CPSolarSystemProject\CPSolarSystemProject\obj\Debug\link.2584-cvtres.write.1.tlog
C:\CP Project\CPSolarSystemProject\CPSolarSystemProject\obj\Debug\link.2692.read.1.tlog
C:\CP Project\CPSolarSystemProject\CPSolarSystemProject\obj\Debug\link.2692.write.1.tlog
C:\CP Project\CPSolarSystemProject\CPSolarSystemProject\obj\Debug\link.2692-cvtres.read.1.tlog
C:\CP Project\CPSolarSystemProject\CPSolarSystemProject\obj\Debug\link.2692-cvtres.write.1.tlog
C:\CP Project\CPSolarSystemProject\CPSolarSystemProject\obj\Debug\link.2740.read.1.tlog
C:\CP Project\CPSolarSystemProject\CPSolarSystemProject\obj\Debug\link.2740.write.1.tlog
C:\CP Project\CPSolarSystemProject\CPSolarSystemProject\obj\Debug\link.2740-cvtres.read.1.tlog
C:\CP Project\CPSolarSystemProject\CPSolarSystemProject\obj\Debug\link.2740-cvtres.write.1.tlog
C:\CP Project\CPSolarSystemProject\CPSolarSystemProject\obj\Debug\link.2828.read.1.tlog
C:\CP Project\CPSolarSystemProject\CPSolarSystemProject\obj\Debug\link.2828.write.1.tlog
C:\CP Project\CPSolarSystemProject\CPSolarSystemProject\obj\Debug\link.2828-cvtres.read.1.tlog
C:\CP Project\CPSolarSystemProject\CPSolarSystemProject\obj\Debug\link.2828-cvtres.write.1.tlog
C:\CP Project\CPSolarSystemProject\CPSolarSystemProject\obj\Debug\link.3176.read.1.tlog
C:\CP Project\CPSolarSystemProject\CPSolarSystemProject\obj\Debug\link.3176.write.1.tlog
C:\CP Project\CPSolarSystemProject\CPSolarSystemProject\obj\Debug\link.3176-cvtres.read.1.tlog
C:\CP Project\CPSolarSystemProject\CPSolarSystemProject\obj\Debug\link.3176-cvtres.write.1.tlog
C:\CP Project\CPSolarSystemProject\CPSolarSystemProject\obj\Debug\link.3328.read.1.tlog
C:\CP Project\CPSolarSystemProject\CPSolarSystemProject\obj\Debug\link.3328.write.1.tlog
C:\CP Project\CPSolarSystemProject\CPSolarSystemProject\obj\Debug\link.3328-cvtres.read.1.tlog
C:\CP Project\CPSolarSystemProject\CPSolarSystemProject\obj\Debug\link.3328-cvtres.write.1.tlog
C:\CP Project\CPSolarSystemProject\CPSolarSystemProject\obj\Debug\link.3968.read.1.tlog
C:\CP Project\CPSolarSystemProject\CPSolarSystemProject\obj\Debug\link.3968.write.1.tlog
C:\CP Project\CPSolarSystemProject\CPSolarSystemProject\obj\Debug\link.3968-cvtres.read.1.tlog
C:\CP Project\CPSolarSystemProject\CPSolarSystemProject\obj\Debug\link.3968-cvtres.write.1.tlog
C:\CP Project\CPSolarSystemProject\CPSolarSystemProject\obj\Debug\link.4132.read.1.tlog
C:\CP Project\CPSolarSystemProject\CPSolarSystemProject\obj\Debug\link.4132.write.1.tlog
C:\CP Project\CPSolarSystemProject\CPSolarSystemProject\obj\Debug\link.4132-cvtres.read.1.tlog
C:\CP Project\CPSolarSystemProject\CPSolarSystemProject\obj\Debug\link.4132-cvtres.write.1.tlog
C:\CP Project\CPSolarSystemProject\CPSolarSystemProject\obj\Debug\link.4140.read.1.tlog
C:\CP Project\CPSolarSystemProject\CPSolarSystemProject\obj\Debug\link.4140.write.1.tlog
C:\CP Project\CPSolarSystemProject\CPSolarSystemProject\obj\Debug\link.4140-cvtres.read.1.tlog
C:\CP Project\CPSolarSystemProject\CPSolarSystemProject\obj\Debug\link.4140-cvtres.write.1.tlog
C:\CP Project\CPSolarSystemProject\CPSolarSystemProject\obj\Debug\link.4476.read.1.tlog
C:\CP Project\CPSolarSystemProject\CPSolarSystemProject\obj\Debug\link.4476.write.1.tlog
C:\CP Project\CPSolarSystemProject\CPSolarSystemProject\obj\Debug\link.4476-cvtres.read.1.tlog
C:\CP Project\CPSolarSystemProject\CPSolarSystemProject\obj\Debug\link.4476-cvtres.write.1.tlog
C:\CP Project\CPSolarSystemProject\CPSolarSystemProject\obj\Debug\link.4572.read.1.tlog
C:\CP Project\CPSolarSystemProject\CPSolarSystemProject\obj\Debug\link.4572.write.1.tlog
C:\CP Project\CPSolarSystemProject\CPSolarSystemProject\obj\Debug\link.4572-cvtres.read.1.tlog
C:\CP Project\CPSolarSystemProject\CPSolarSystemProject\obj\Debug\link.4572-cvtres.write.1.tlog
C:\CP Project\CPSolarSystemProject\CPSolarSystemProject\obj\Debug\link.4756.read.1.tlog
C:\CP Project\CPSolarSystemProject\CPSolarSystemProject\obj\Debug\link.4756.write.1.tlog
C:\CP Project\CPSolarSystemProject\CPSolarSystemProject\obj\Debug\link.4756-cvtres.read.1.tlog
C:\CP Project\CPSolarSystemProject\CPSolarSystemProject\obj\Debug\link.4756-cvtres.write.1.tlog
C:\CP Project\CPSolarSystemProject\CPSolarSystemProject\obj\Debug\link.4856.read.1.tlog
C:\CP Project\CPSolarSystemProject\CPSolarSystemProject\obj\Debug\link.4856.write.1.tlog
C:\CP Project\CPSolarSystemProject\CPSolarSystemProject\obj\Debug\link.4856-cvtres.read.1.tlog
C:\CP Project\CPSolarSystemProject\CPSolarSystemProject\obj\Debug\link.4856-cvtres.write.1.tlog
C:\CP Project\CPSolarSystemProject\CPSolarSystemProject\obj\Debug\link.4956.read.1.tlog
C:\CP Project\CPSolarSystemProject\CPSolarSystemProject\obj\Debug\link.4956.write.1.tlog
C:\CP Project\CPSolarSystemProject\CPSolarSystemProject\obj\Debug\link.4956-cvtres.read.1.tlog
C:\CP Project\CPSolarSystemProject\CPSolarSystemProject\obj\Debug\link.4956-cvtres.write.1.tlog
C:\CP Project\CPSolarSystemProject\CPSolarSystemProject\obj\Debug\link.5056.read.1.tlog
C:\CP Project\CPSolarSystemProject\CPSolarSystemProject\obj\Debug\link.5056.write.1.tlog
C:\CP Project\CPSolarSystemProject\CPSolarSystemProject\obj\Debug\link.5056-cvtres.read.1.tlog
C:\CP Project\CPSolarSystemProject\CPSolarSystemProject\obj\Debug\link.5056-cvtres.write.1.tlog
C:\CP Project\CPSolarSystemProject\CPSolarSystemProject\obj\Debug\link.5116.read.1.tlog
C:\CP Project\CPSolarSystemProject\CPSolarSystemProject\obj\Debug\link.5116.write.1.tlog
C:\CP Project\CPSolarSystemProject\CPSolarSystemProject\obj\Debug\link.5116-cvtres.read.1.tlog
C:\CP Project\CPSolarSystemProject\CPSolarSystemProject\obj\Debug\link.5116-cvtres.write.1.tlog
C:\CP Project\CPSolarSystemProject\CPSolarSystemProject\obj\Debug\link.5128.read.1.tlog
C:\CP Project\CPSolarSystemProject\CPSolarSystemProject\obj\Debug\link.5128.write.1.tlog
C:\CP Project\CPSolarSystemProject\CPSolarSystemProject\obj\Debug\link.5128-cvtres.read.1.tlog
C:\CP Project\CPSolarSystemProject\CPSolarSystemProject\obj\Debug\link.5128-cvtres.write.1.tlog
C:\CP Project\CPSolarSystemProject\CPSolarSystemProject\obj\Debug\link.5140.read.1.tlog
C:\CP Project\CPSolarSystemProject\CPSolarSystemProject\obj\Debug\link.5140.write.1.tlog
C:\CP Project\CPSolarSystemProject\CPSolarSystemProject\obj\Debug\link.5140-cvtres.read.1.tlog
C:\CP Project\CPSolarSystemProject\CPSolarSystemProject\obj\Debug\link.5140-cvtres.write.1.tlog
C:\CP Project\CPSolarSystemProject\CPSolarSystemProject\obj\Debug\link.5164.read.1.tlog
C:\CP Project\CPSolarSystemProject\CPSolarSystemProject\obj\Debug\link.5164.write.1.tlog
C:\CP Project\CPSolarSystemProject\CPSolarSystemProject\obj\Debug\link.5164-cvtres.read.1.tlog
C:\CP Project\CPSolarSystemProject\CPSolarSystemProject\obj\Debug\link.5164-cvtres.write.1.tlog
C:\CP Project\CPSolarSystemProject\CPSolarSystemProject\obj\Debug\link.5284.read.1.tlog
C:\CP Project\CPSolarSystemProject\CPSolarSystemProject\obj\Debug\link.5284.write.1.tlog
C:\CP Project\CPSolarSystemProject\CPSolarSystemProject\obj\Debug\link.5284-cvtres.read.1.tlog
C:\CP Project\CPSolarSystemProject\CPSolarSystemProject\obj\Debug\link.5284-cvtres.write.1.tlog
C:\CP Project\CPSolarSystemProject\CPSolarSystemProject\obj\Debug\link.5352.read.1.tlog
C:\CP Project\CPSolarSystemProject\CPSolarSystemProject\obj\Debug\link.5352.write.1.tlog
C:\CP Project\CPSolarSystemProject\CPSolarSystemProject\obj\Debug\link.5352-cvtres.read.1.tlog
C:\CP Project\CPSolarSystemProject\CPSolarSystemProject\obj\Debug\link.5352-cvtres.write.1.tlog
C:\CP Project\CPSolarSystemProject\CPSolarSystemProject\obj\Debug\link.5500.read.1.tlog
C:\CP Project\CPSolarSystemProject\CPSolarSystemProject\obj\Debug\link.5500.write.1.tlog
C:\CP Project\CPSolarSystemProject\CPSolarSystemProject\obj\Debug\link.5500-cvtres.read.1.tlog
C:\CP Project\CPSolarSystemProject\CPSolarSystemProject\obj\Debug\link.5500-cvtres.write.1.tlog
C:\CP Project\CPSolarSystemProject\CPSolarSystemProject\obj\Debug\link.5864.read.1.tlog
C:\CP Project\CPSolarSystemProject\CPSolarSystemProject\obj\Debug\link.5864.write.1.tlog
C:\CP Project\CPSolarSystemProject\CPSolarSystemProject\obj\Debug\link.5864-cvtres.read.1.tlog
C:\CP Project\CPSolarSystemProject\CPSolarSystemProject\obj\Debug\link.5864-cvtres.write.1.tlog
C:\CP Project\CPSolarSystemProject\CPSolarSystemProject\obj\Debug\link.5924.read.1.tlog
C:\CP Project\CPSolarSystemProject\CPSolarSystemProject\obj\Debug\link.5924.write.1.tlog
C:\CP Project\CPSolarSystemProject\CPSolarSystemProject\obj\Debug\link.5924-cvtres.read.1.tlog
C:\CP Project\CPSolarSystemProject\CPSolarSystemProject\obj\Debug\link.5924-cvtres.write.1.tlog
C:\CP Project\CPSolarSystemProject\CPSolarSystemProject\obj\Debug\link.5992.read.1.tlog
C:\CP Project\CPSolarSystemProject\CPSolarSystemProject\obj\Debug\link.5992.write.1.tlog
C:\CP Project\CPSolarSystemProject\CPSolarSystemProject\obj\Debug\link.5992-cvtres.read.1.tlog
C:\CP Project\CPSolarSystemProject\CPSolarSystemProject\obj\Debug\link.5992-cvtres.write.1.tlog
C:\CP Project\CPSolarSystemProject\CPSolarSystemProject\obj\Debug\link.6052.read.1.tlog
C:\CP Project\CPSolarSystemProject\CPSolarSystemProject\obj\Debug\link.6052.write.1.tlog
C:\CP Project\CPSolarSystemProject\CPSolarSystemProject\obj\Debug\link.6052-cvtres.read.1.tlog
C:\CP Project\CPSolarSystemProject\CPSolarSystemProject\obj\Debug\link.6052-cvtres.write.1.tlog
C:\CP Project\CPSolarSystemProject\CPSolarSystemProject\obj\Debug\link.6068.read.1.tlog
C:\CP Project\CPSolarSystemProject\CPSolarSystemProject\obj\Debug\link.6068.write.1.tlog
C:\CP Project\CPSolarSystemProject\CPSolarSystemProject\obj\Debug\link.6068-cvtres.read.1.tlog
C:\CP Project\CPSolarSystemProject\CPSolarSystemProject\obj\Debug\link.6068-cvtres.write.1.tlog
C:\CP Project\CPSolarSystemProject\CPSolarSystemProject\obj\Debug\link.6076.read.1.tlog
C:\CP Project\CPSolarSystemProject\CPSolarSystemProject\obj\Debug\link.6076.write.1.tlog
C:\CP Project\CPSolarSystemProject\CPSolarSystemProject\obj\Debug\link.6076-cvtres.read.1.tlog
C:\CP Project\CPSolarSystemProject\CPSolarSystemProject\obj\Debug\link.6076-cvtres.write.1.tlog
C:\CP Project\CPSolarSystemProject\CPSolarSystemProject\obj\Debug\link.6468.read.1.tlog
C:\CP Project\CPSolarSystemProject\CPSolarSystemProject\obj\Debug\link.6468.write.1.tlog
C:\CP Project\CPSolarSystemProject\CPSolarSystemProject\obj\Debug\link.6468-cvtres.read.1.tlog
C:\CP Project\CPSolarSystemProject\CPSolarSystemProject\obj\Debug\link.6468-cvtres.write.1.tlog
C:\CP Project\CPSolarSystemProject\CPSolarSystemProject\obj\Debug\link.6516.read.1.tlog
C:\CP Project\CPSolarSystemProject\CPSolarSystemProject\obj\Debug\link.6516.write.1.tlog
C:\CP Project\CPSolarSystemProject\CPSolarSystemProject\obj\Debug\link.6516-cvtres.read.1.tlog
C:\CP Project\CPSolarSystemProject\CPSolarSystemProject\obj\Debug\link.6516-cvtres.write.1.tlog
C:\CP Project\CPSolarSystemProject\CPSolarSystemProject\obj\Debug\link.6672.read.1.tlog
C:\CP Project\CPSolarSystemProject\CPSolarSystemProject\obj\Debug\link.6672.write.1.tlog
C:\CP Project\CPSolarSystemProject\CPSolarSystemProject\obj\Debug\link.6672-cvtres.read.1.tlog
C:\CP Project\CPSolarSystemProject\CPSolarSystemProject\obj\Debug\link.6672-cvtres.write.1.tlog
C:\CP Project\CPSolarSystemProject\CPSolarSystemProject\obj\Debug\link.7020.read.1.tlog
C:\CP Project\CPSolarSystemProject\CPSolarSystemProject\obj\Debug\link.7020.write.1.tlog
C:\CP Project\CPSolarSystemProject\CPSolarSystemProject\obj\Debug\link.7020-cvtres.read.1.tlog
C:\CP Project\CPSolarSystemProject\CPSolarSystemProject\obj\Debug\link.7020-cvtres.write.1.tlog
C:\CP Project\CPSolarSystemProject\CPSolarSystemProject\obj\Debug\link.7068.read.1.tlog
C:\CP Project\CPSolarSystemProject\CPSolarSystemProject\obj\Debug\link.7068.write.1.tlog
C:\CP Project\CPSolarSystemProject\CPSolarSystemProject\obj\Debug\link.7068-cvtres.read.1.tlog
C:\CP Project\CPSolarSystemProject\CPSolarSystemProject\obj\Debug\link.7068-cvtres.write.1.tlog
C:\CP Project\CPSolarSystemProject\CPSolarSystemProject\obj\Debug\link.7452.read.1.tlog
C:\CP Project\CPSolarSystemProject\CPSolarSystemProject\obj\Debug\link.7452.write.1.tlog
C:\CP Project\CPSolarSystemProject\CPSolarSystemProject\obj\Debug\link.7452-cvtres.read.1.tlog
C:\CP Project\CPSolarSystemProject\CPSolarSystemProject\obj\Debug\link.7452-cvtres.write.1.tlog
C:\CP Project\CPSolarSystemProject\CPSolarSystemProject\obj\Debug\link.7608.read.1.tlog
C:\CP Project\CPSolarSystemProject\CPSolarSystemProject\obj\Debug\link.7608.write.1.tlog
C:\CP Project\CPSolarSystemProject\CPSolarSystemProject\obj\Debug\link.7608-cvtres.read.1.tlog
C:\CP Project\CPSolarSystemProject\CPSolarSystemProject\obj\Debug\link.7608-cvtres.write.1.tlog
C:\CP Project\CPSolarSystemProject\CPSolarSystemProject\obj\Debug\link.7876.read.1.tlog
C:\CP Project\CPSolarSystemProject\CPSolarSystemProject\obj\Debug\link.7876.write.1.tlog
C:\CP Project\CPSolarSystemProject\CPSolarSystemProject\obj\Debug\link.7876-cvtres.read.1.tlog
C:\CP Project\CPSolarSystemProject\CPSolarSystemProject\obj\Debug\link.7876-cvtres.write.1.tlog
C:\CP Project\CPSolarSystemProject\CPSolarSystemProject\obj\Debug\link.8076.read.1.tlog
C:\CP Project\CPSolarSystemProject\CPSolarSystemProject\obj\Debug\link.8076.write.1.tlog
C:\CP Project\CPSolarSystemProject\CPSolarSystemProject\obj\Debug\link.8076-cvtres.read.1.tlog
C:\CP Project\CPSolarSystemProject\CPSolarSystemProject\obj\Debug\link.8076-cvtres.write.1.tlog
C:\CP Project\CPSolarSystemProject\CPSolarSystemProject\obj\Debug\link.8364.read.1.tlog
C:\CP Project\CPSolarSystemProject\CPSolarSystemProject\obj\Debug\link.8364.write.1.tlog
C:\CP Project\CPSolarSystemProject\CPSolarSystemProject\obj\Debug\link.8364-cvtres.read.1.tlog
C:\CP Project\CPSolarSystemProject\CPSolarSystemProject\obj\Debug\link.8364-cvtres.write.1.tlog
C:\CP Project\CPSolarSystemProject\CPSolarSystemProject\obj\Debug\link.8664.read.1.tlog
C:\CP Project\CPSolarSystemProject\CPSolarSystemProject\obj\Debug\link.8664.write.1.tlog
C:\CP Project\CPSolarSystemProject\CPSolarSystemProject\obj\Debug\link.8664-cvtres.read.1.tlog
C:\CP Project\CPSolarSystemProject\CPSolarSystemProject\obj\Debug\link.8664-cvtres.write.1.tlog
C:\CP Project\CPSolarSystemProject\CPSolarSystemProject\obj\Debug\link.8908.read.1.tlog
C:\CP Project\CPSolarSystemProject\CPSolarSystemProject\obj\Debug\link.8908.write.1.tlog
C:\CP Project\CPSolarSystemProject\CPSolarSystemProject\obj\Debug\link.8908-cvtres.read.1.tlog
C:\CP Project\CPSolarSystemProject\CPSolarSystemProject\obj\Debug\link.8908-cvtres.write.1.tlog
C:\CP Project\CPSolarSystemProject\CPSolarSystemProject\obj\Debug\link.8944.read.1.tlog
C:\CP Project\CPSolarSystemProject\CPSolarSystemProject\obj\Debug\link.8944.write.1.tlog
C:\CP Project\CPSolarSystemProject\CPSolarSystemProject\obj\Debug\link.8944-cvtres.read.1.tlog
C:\CP Project\CPSolarSystemProject\CPSolarSystemProject\obj\Debug\link.8944-cvtres.write.1.tlog
C:\CP Project\CPSolarSystemProject\CPSolarSystemProject\obj\Debug\link.9028.read.1.tlog
C:\CP Project\CPSolarSystemProject\CPSolarSystemProject\obj\Debug\link.9028.write.1.tlog
C:\CP Project\CPSolarSystemProject\CPSolarSystemProject\obj\Debug\link.9028-cvtres.read.1.tlog
C:\CP Project\CPSolarSystemProject\CPSolarSystemProject\obj\Debug\link.9028-cvtres.write.1.tlog
C:\CP Project\CPSolarSystemProject\CPSolarSystemProject\obj\Debug\link.9036.read.1.tlog
C:\CP Project\CPSolarSystemProject\CPSolarSystemProject\obj\Debug\link.9036.write.1.tlog
C:\CP Project\CPSolarSystemProject\CPSolarSystemProject\obj\Debug\link.9036-cvtres.read.1.tlog
C:\CP Project\CPSolarSystemProject\CPSolarSystemProject\obj\Debug\link.9036-cvtres.write.1.tlog
C:\CP Project\CPSolarSystemProject\CPSolarSystemProject\obj\Debug\link.9048.read.1.tlog
C:\CP Project\CPSolarSystemProject\CPSolarSystemProject\obj\Debug\link.9048.write.1.tlog
C:\CP Project\CPSolarSystemProject\CPSolarSystemProject\obj\Debug\link.9048-cvtres.read.1.tlog
C:\CP Project\CPSolarSystemProject\CPSolarSystemProject\obj\Debug\link.9048-cvtres.write.1.tlog
C:\CP Project\CPSolarSystemProject\CPSolarSystemProject\obj\Debug\link.9148.read.1.tlog
C:\CP Project\CPSolarSystemProject\CPSolarSystemProject\obj\Debug\link.9148.write.1.tlog
C:\CP Project\CPSolarSystemProject\CPSolarSystemProject\obj\Debug\link.9148-cvtres.read.1.tlog
C:\CP Project\CPSolarSystemProject\CPSolarSystemProject\obj\Debug\link.9148-cvtres.write.1.tlog
C:\CP Project\CPSolarSystemProject\CPSolarSystemProject\obj\Debug\link.9616.read.1.tlog
C:\CP Project\CPSolarSystemProject\CPSolarSystemProject\obj\Debug\link.9616.write.1.tlog
C:\CP Project\CPSolarSystemProject\CPSolarSystemProject\obj\Debug\link.9616-cvtres.read.1.tlog
C:\CP Project\CPSolarSystemProject\CPSolarSystemProject\obj\Debug\link.9616-cvtres.write.1.tlog
C:\CP Project\CPSolarSystemProject\CPSolarSystemProject\obj\Debug\link.9912.read.1.tlog
C:\CP Project\CPSolarSystemProject\CPSolarSystemProject\obj\Debug\link.9912.write.1.tlog
C:\CP Project\CPSolarSystemProject\CPSolarSystemProject\obj\Debug\link.9912-cvtres.read.1.tlog
C:\CP Project\CPSolarSystemProject\CPSolarSystemProject\obj\Debug\link.9912-cvtres.write.1.tlog
C:\CP Project\CPSolarSystemProject\CPSolarSystemProject\obj\Debug\link.command.1.tlog
C:\CP Project\CPSolarSystemProject\CPSolarSystemProject\obj\Debug\link.read.1.tlog
C:\CP Project\CPSolarSystemProject\CPSolarSystemProject\obj\Debug\link.write.1.tlog
C:\CP Project\CPSolarSystemProject\CPSolarSystemProject\obj\Debug\link-cvtres.read.1.tlog
C:\CP Project\CPSolarSystemProject\CPSolarSystemProject\obj\Debug\link-cvtres.write.1.tlog
C:\CP PROJECT\CPSOLARSYSTEMPROJECT\CPSOLARSYSTEMPROJECT\OBJ\DEBUG\MAIN.OBJ
C:\CP Project\CPSolarSystemProject\CPSolarSystemProject\obj\Debug\mt.command.1.tlog
C:\CP Project\CPSolarSystemProject\CPSolarSystemProject\obj\Debug\mt.read.1.tlog
C:\CP Project\CPSolarSystemProject\CPSolarSystemProject\obj\Debug\mt.write.1.tlog
C:\CP PROJECT\CPSOLARSYSTEMPROJECT\CPSOLARSYSTEMPROJECT\OBJ\DEBUG\ORBITALBODY.OBJ
C:\CP Project\CPSolarSystemProject\CPSolarSystemProject\obj\Debug\rc.command.1.tlog
C:\CP Project\CPSolarSystemProject\CPSolarSystemProject\obj\Debug\rc.read.1.tlog
C:\CP Project\CPSolarSystemProject\CPSolarSystemProject\obj\Debug\rc.write.1.tlog
C:\CP Project\CPSolarSystemProject\CPSolarSystemProject\obj\Debug\SolarSystem.obj
C:\CP Project\CPSolarSystemProject\CPSolarSystemProject\obj\Debug\TutorialApplication.obj
C:\CP Project\CPSolarSystemProject\CPSolarSystemProject\obj\Debug\vc100.idb
C:\CP PROJECT\CPSOLARSYSTEMPROJECT\CPSOLARSYSTEMPROJECT\OBJ\DEBUG\VC100.PDB
C:\CP\CPSOLARSYSTEMPROJECT\CPSOLARSYSTEMPROJECT\BIN\DEBUG\CPSOLARSYSTEMPROJECT.EXE
C:\CP\CPSOLARSYSTEMPROJECT\CPSOLARSYSTEMPROJECT\BIN\DEBUG\CPSOLARSYSTEMPROJECT.ILK
C:\CP\CPSOLARSYSTEMPROJECT\CPSOLARSYSTEMPROJECT\BIN\DEBUG\CPSOLARSYSTEMPROJECT.PDB
C:\CP\CPSOLARSYSTEMPROJECT\CPSOLARSYSTEMPROJECT\OBJ\DEBUG\CPSOLARSYSTEMPROJECT.EXE.EMBED.MANIFEST.RES
C:\CP\CPSOLARSYSTEMPROJECT\CPSOLARSYSTEMPROJECT\OBJ\DEBUG\CPSOLARSYSTEMPROJECT.EXE.INTERMEDIATE.MANIFEST
C:\CP\CPSOLARSYSTEMPROJECT\CPSOLARSYSTEMPROJECT\OBJ\DEBUG\MAIN.OBJ
C:\CP\CPSOLARSYSTEMPROJECT\CPSOLARSYSTEMPROJECT\OBJ\DEBUG\ORBITALBODY.OBJ
C:\CP\CPSOLARSYSTEMPROJECT\CPSOLARSYSTEMPROJECT\OBJ\DEBUG\SOLARSYSTEM.OBJ
C:\CP\CPSOLARSYSTEMPROJECT\CPSOLARSYSTEMPROJECT\OBJ\DEBUG\VC100.PDB
C:\USERS\WAQAS\DOCUMENTS\COURSE MATERIAL\SEMESTER II\CP\PROJECT\CP\CPSOLARSYSTEMPROJECT\CPSOLARSYSTEMPROJECT\BIN\DEBUG\CPSOLARSYSTEMPROJECT.EXE
C:\USERS\WAQAS\DOCUMENTS\COURSE MATERIAL\SEMESTER II\CP\PROJECT\CP\CPSOLARSYSTEMPROJECT\CPSOLARSYSTEMPROJECT\BIN\DEBUG\CPSOLARSYSTEMPROJECT.ILK
C:\USERS\WAQAS\DOCUMENTS\COURSE MATERIAL\SEMESTER II\CP\PROJECT\CP\CPSOLARSYSTEMPROJECT\CPSOLARSYSTEMPROJECT\BIN\DEBUG\CPSOLARSYSTEMPROJECT.PDB
C:\USERS\WAQAS\DOCUMENTS\COURSE MATERIAL\SEMESTER II\CP\PROJECT\CP\CPSOLARSYSTEMPROJECT\CPSOLARSYSTEMPROJECT\OBJ\DEBUG\CPSOLARSYSTEMPROJECT.EXE.EMBED.MANIFEST.RES
C:\USERS\WAQAS\DOCUMENTS\COURSE MATERIAL\SEMESTER II\CP\PROJECT\CP\CPSOLARSYSTEMPROJECT\CPSOLARSYSTEMPROJECT\OBJ\DEBUG\CPSOLARSYSTEMPROJECT.EXE.INTERMEDIATE.MANIFEST
C:\USERS\WAQAS\DOCUMENTS\COURSE MATERIAL\SEMESTER II\CP\PROJECT\CP\CPSOLARSYSTEMPROJECT\CPSOLARSYSTEMPROJECT\OBJ\DEBUG\MAIN.OBJ
C:\USERS\WAQAS\DOCUMENTS\COURSE MATERIAL\SEMESTER II\CP\PROJECT\CP\CPSOLARSYSTEMPROJECT\CPSOLARSYSTEMPROJECT\OBJ\DEBUG\ORBITALBODY.OBJ
C:\USERS\WAQAS\DOCUMENTS\COURSE MATERIAL\SEMESTER II\CP\PROJECT\CP\CPSOLARSYSTEMPROJECT\CPSOLARSYSTEMPROJECT\OBJ\DEBUG\VC100.PDB
C:\USERS\WAQAS\DOCUMENTS\COURSE MATERIAL\SEMESTER II\CP\PROJECT\CPSOLARSYSTEMPROJECT\CPSOLARSYSTEMPROJECT\BIN\DEBUG\CPSOLARSYSTEMPROJECT.EXE
C:\USERS\WAQAS\DOCUMENTS\COURSE MATERIAL\SEMESTER II\CP\PROJECT\CPSOLARSYSTEMPROJECT\CPSOLARSYSTEMPROJECT\BIN\DEBUG\CPSOLARSYSTEMPROJECT.ILK
C:\USERS\WAQAS\DOCUMENTS\COURSE MATERIAL\SEMESTER II\CP\PROJECT\CPSOLARSYSTEMPROJECT\CPSOLARSYSTEMPROJECT\BIN\DEBUG\CPSOLARSYSTEMPROJECT.PDB
C:\USERS\WAQAS\DOCUMENTS\COURSE MATERIAL\SEMESTER II\CP\PROJECT\CPSOLARSYSTEMPROJECT\CPSOLARSYSTEMPROJECT\OBJ\DEBUG\BASEAPPLICATION.OBJ
C:\USERS\WAQAS\DOCUMENTS\COURSE MATERIAL\SEMESTER II\CP\PROJECT\CPSOLARSYSTEMPROJECT\CPSOLARSYSTEMPROJECT\OBJ\DEBUG\CPSOLARSYSTEMPROJECT.EXE.EMBED.MANIFEST
C:\USERS\WAQAS\DOCUMENTS\COURSE MATERIAL\SEMESTER II\CP\PROJECT\CPSOLARSYSTEMPROJECT\CPSOLARSYSTEMPROJECT\OBJ\DEBUG\CPSOLARSYSTEMPROJECT.EXE.EMBED.MANIFEST.RES
C:\USERS\WAQAS\DOCUMENTS\COURSE MATERIAL\SEMESTER II\CP\PROJECT\CPSOLARSYSTEMPROJECT\CPSOLARSYSTEMPROJECT\OBJ\DEBUG\CPSOLARSYSTEMPROJECT.EXE.INTERMEDIATE.MANIFEST
C:\USERS\WAQAS\DOCUMENTS\COURSE MATERIAL\SEMESTER II\CP\PROJECT\CPSOLARSYSTEMPROJECT\CPSOLARSYSTEMPROJECT\OBJ\DEBUG\MAIN.OBJ
C:\USERS\WAQAS\DOCUMENTS\COURSE MATERIAL\SEMESTER II\CP\PROJECT\CPSOLARSYSTEMPROJECT\CPSOLARSYSTEMPROJECT\OBJ\DEBUG\TUTORIALAPPLICATION.OBJ
C:\USERS\WAQAS\DOCUMENTS\COURSE MATERIAL\SEMESTER II\CP\PROJECT\CPSOLARSYSTEMPROJECT\CPSOLARSYSTEMPROJECT\OBJ\DEBUG\VC100.PDB
